2017-08-23 13:16:51,681  WARN [ModalContext] - ScalaProject - Project Assignment-3 has platform default sourceLevel.
2017-08-23 13:16:51,683  WARN [ModalContext] - ScalaProject - Project Assignment-3 runs on platform default installation.
2017-08-23 13:16:52,618  WARN [Worker-2] - ScalaProject - Project Assignment-3 has platform default sourceLevel.
2017-08-23 13:16:52,685  WARN [Worker-2] - ScalaProject - Project Assignment-3 runs on platform default installation.
2017-08-23 13:17:14,621  WARN [Worker-6] - ScalaProject - Project Assignment-3 has platform default sourceLevel.
2017-08-23 13:17:14,623  WARN [Worker-6] - ScalaProject - Project Assignment-3 runs on platform default installation.
2017-08-23 13:17:26,126  WARN [main] - ScalaProject - Project Assignment-3 has platform default sourceLevel.
2017-08-23 13:17:26,127  WARN [main] - ScalaProject - Project Assignment-3 runs on platform default installation.
2017-08-23 13:17:30,130  WARN [Worker-0] - ScalaProject - Project Assignment-3 has platform default sourceLevel.
2017-08-23 13:17:30,131  WARN [Worker-0] - ScalaProject - Project Assignment-3 runs on platform default installation.
2017-08-23 13:17:30,549  WARN [Java indexing] - ScalaProject - Project Assignment-3 has platform default sourceLevel.
2017-08-23 13:17:30,549  WARN [Java indexing] - ScalaProject - Project Assignment-3 runs on platform default installation.
2017-08-23 13:17:36,624  WARN [Worker-5] - ScalaProject - Project Assignment-3 has platform default sourceLevel.
2017-08-23 13:17:36,624  WARN [Worker-5] - ScalaProject - Project Assignment-3 runs on platform default installation.
2017-08-23 13:18:51,108  WARN [Worker-4] - ScalaProject - Project Assignment-3 has platform default sourceLevel.
2017-08-23 13:18:51,108  WARN [Worker-4] - ScalaProject - Project Assignment-3 runs on platform default installation.
2017-08-23 13:20:23,711  WARN [main] - ScalaProject - Project Assignment-3 has platform default sourceLevel.
2017-08-23 13:20:23,712  WARN [main] - ScalaProject - Project Assignment-3 runs on platform default installation.
2017-08-23 13:20:24,611  WARN [org.scalaide.ui.internal.reconciliation.ScalaReconciler] - ScalaProject - Project Assignment-3 has platform default sourceLevel.
2017-08-23 13:20:24,611  WARN [org.scalaide.ui.internal.reconciliation.ScalaReconciler] - ScalaProject - Project Assignment-3 runs on platform default installation.
2017-08-23 13:21:37,910  WARN [main] - org.scala-ide.sdt.core - org.scala-ide.sdt.core - org.scala-ide.sdt.core - 0 - Preference scala.compiler.sourceLevel was uninitialized for Assignment-3, setting default to 2.12.
2017-08-23 14:46:52,076 ERROR [main] - org.scala-ide.sdt.core - org.scala-ide.sdt.core - org.scala-ide.sdt.core - 0 - Throwable during asyncExec
java.lang.NullPointerException
	at scala.reflect.internal.Definitions$DefinitionsClass.isByNameParamType(Definitions.scala:388)
	at scala.reflect.internal.TreeInfo.isStableIdent(TreeInfo.scala:130)
	at scala.reflect.internal.TreeInfo.isStableIdentifier(TreeInfo.scala:106)
	at scala.reflect.internal.TreeInfo.isPath(TreeInfo.scala:95)
	at scala.reflect.internal.TreeInfo.admitsTypeSelection(TreeInfo.scala:148)
	at scala.tools.nsc.interactive.Global.stabilizedType(Global.scala:951)
	at scala.tools.nsc.interactive.Global.typedTreeAt(Global.scala:799)
	at scala.tools.nsc.interactive.Global.$anonfun$getTypedTreeAt$1(Global.scala:829)
	at scala.tools.nsc.interactive.Global.$anonfun$respond$1(Global.scala:688)
	at scala.tools.nsc.interactive.Global.respondGradually(Global.scala:695)
	at scala.tools.nsc.interactive.Global.respond(Global.scala:688)
	at scala.tools.nsc.interactive.Global.getTypedTreeAt(Global.scala:829)
	at scala.tools.nsc.interactive.CompilerControl$AskTypeAtItem.apply$mcV$sp(CompilerControl.scala:333)
	at scala.tools.nsc.interactive.Global.$anonfun$pollForWork$1(Global.scala:493)
	at scala.tools.nsc.interactive.Global.pollForWork(Global.scala:418)
	at scala.tools.nsc.interactive.Global.checkForMoreWork(Global.scala:507)
	at scala.tools.nsc.interactive.Global.signalParseProgress(Global.scala:318)
	at scala.tools.nsc.ast.parser.Parsers$Parser.funDefRest(Parsers.scala:2728)
	at scala.tools.nsc.ast.parser.Parsers$Parser.funDefOrDcl(Parsers.scala:2685)
	at scala.tools.nsc.ast.parser.Parsers$Parser.defOrDcl(Parsers.scala:2570)
	at scala.tools.nsc.ast.parser.Parsers$Parser.nonLocalDefOrDcl(Parsers.scala:2582)
	at scala.tools.nsc.ast.parser.Parsers$Parser$$anonfun$templateStat$1.$anonfun$applyOrElse$2(Parsers.scala:3139)
	at scala.tools.nsc.doc.ScaladocSyntaxAnalyzer$ScaladocUnitParser.joinComment(ScaladocAnalyzer.scala:194)
	at scala.tools.nsc.ast.parser.Parsers$Parser$$anonfun$templateStat$1.applyOrElse(Parsers.scala:3139)
	at scala.tools.nsc.ast.parser.Parsers$Parser.statSeq(Parsers.scala:3066)
	at scala.tools.nsc.ast.parser.Parsers$Parser.templateStats(Parsers.scala:3133)
	at scala.tools.nsc.ast.parser.Parsers$Parser.$anonfun$templateStatSeq$1(Parsers.scala:3120)
	at scala.tools.nsc.ast.parser.Parsers$Parser.checkNoEscapingPlaceholders(Parsers.scala:481)
	at scala.tools.nsc.ast.parser.Parsers$Parser.templateStatSeq(Parsers.scala:3097)
	at scala.tools.nsc.ast.parser.Parsers$Parser.$anonfun$templateBody$1(Parsers.scala:3026)
	at scala.tools.nsc.ast.parser.Parsers$Parser.templateBody(Parsers.scala:66)
	at scala.tools.nsc.ast.parser.Parsers$Parser.templateBodyOpt(Parsers.scala:3033)
	at scala.tools.nsc.ast.parser.Parsers$Parser.templateOpt(Parsers.scala:2997)
	at scala.tools.nsc.ast.parser.Parsers$Parser.objectDef(Parsers.scala:2882)
	at scala.tools.nsc.ast.parser.Parsers$Parser.tmplDef(Parsers.scala:2824)
	at scala.tools.nsc.ast.parser.Parsers$Parser.topLevelTmplDef(Parsers.scala:2805)
	at scala.tools.nsc.ast.parser.Parsers$Parser$$anonfun$topStat$1.$anonfun$applyOrElse$1(Parsers.scala:3089)
	at scala.tools.nsc.doc.ScaladocSyntaxAnalyzer$ScaladocUnitParser.joinComment(ScaladocAnalyzer.scala:194)
	at scala.tools.nsc.ast.parser.Parsers$Parser$$anonfun$topStat$1.applyOrElse(Parsers.scala:3089)
	at scala.tools.nsc.ast.parser.Parsers$Parser.statSeq(Parsers.scala:3066)
	at scala.tools.nsc.ast.parser.Parsers$Parser.topStatSeq(Parsers.scala:3081)
	at scala.tools.nsc.ast.parser.Parsers$Parser.topstats$1(Parsers.scala:3279)
	at scala.tools.nsc.ast.parser.Parsers$Parser.topstats$1(Parsers.scala:3271)
	at scala.tools.nsc.ast.parser.Parsers$Parser.$anonfun$compilationUnit$1(Parsers.scala:3285)
	at scala.tools.nsc.ast.parser.Parsers$Parser.checkNoEscapingPlaceholders(Parsers.scala:481)
	at scala.tools.nsc.ast.parser.Parsers$Parser.compilationUnit(Parsers.scala:3247)
	at scala.tools.nsc.ast.parser.Parsers$SourceFileParser.$anonfun$parseStartRule$1(Parsers.scala:145)
	at scala.tools.nsc.ast.parser.Parsers$Parser.$anonfun$parse$1(Parsers.scala:351)
	at scala.tools.nsc.ast.parser.Parsers$Parser.parseRule(Parsers.scala:344)
	at scala.tools.nsc.ast.parser.Parsers$Parser.parse(Parsers.scala:351)
	at scala.tools.nsc.ast.parser.Parsers$UnitParser.$anonfun$smartParse$1(Parsers.scala:241)
	at scala.tools.nsc.ast.parser.Parsers$UnitParser.smartParse(Parsers.scala:216)
	at scala.tools.nsc.ast.parser.SyntaxAnalyzer.scala$tools$nsc$ast$parser$SyntaxAnalyzer$$initialUnitBody(SyntaxAnalyzer.scala:87)
	at scala.tools.nsc.ast.parser.SyntaxAnalyzer$ParserPhase.apply(SyntaxAnalyzer.scala:99)
	at scala.tools.nsc.Global$GlobalPhase.$anonfun$applyPhase$1(Global.scala:423)
	at scala.tools.nsc.Global$GlobalPhase.applyPhase(Global.scala:416)
	at scala.tools.nsc.Global$Run.$anonfun$compileLate$3(Global.scala:1528)
	at scala.tools.nsc.Global$Run.$anonfun$compileLate$2(Global.scala:1528)
	at scala.tools.nsc.Global$Run.$anonfun$compileLate$2$adapted(Global.scala:1527)
	at scala.collection.Iterator.foreach(Iterator.scala:929)
	at scala.collection.Iterator.foreach$(Iterator.scala:929)
	at scala.collection.AbstractIterator.foreach(Iterator.scala:1417)
	at scala.tools.nsc.Global$Run.compileLate(Global.scala:1527)
	at scala.tools.nsc.interactive.Global.parseAndEnter(Global.scala:645)
	at scala.tools.nsc.interactive.Global.$anonfun$backgroundCompile$4(Global.scala:554)
	at scala.tools.nsc.interactive.Global.$anonfun$backgroundCompile$3(Global.scala:551)
	at scala.tools.nsc.interactive.Global.backgroundCompile(Global.scala:551)
	at scala.tools.nsc.interactive.PresentationCompilerThread.run(PresentationCompilerThread.scala:25)
2017-08-23 14:46:52,088 ERROR [main] - org.scala-ide.sdt.core - org.scala-ide.sdt.core - org.scala-ide.sdt.core - 0 - Throwable during asyncExec
java.lang.NullPointerException
	at scala.reflect.internal.Definitions$DefinitionsClass.isByNameParamType(Definitions.scala:388)
	at scala.reflect.internal.TreeInfo.isStableIdent(TreeInfo.scala:130)
	at scala.reflect.internal.TreeInfo.isStableIdentifier(TreeInfo.scala:106)
	at scala.reflect.internal.TreeInfo.isPath(TreeInfo.scala:95)
	at scala.reflect.internal.TreeInfo.admitsTypeSelection(TreeInfo.scala:148)
	at scala.tools.nsc.interactive.Global.stabilizedType(Global.scala:951)
	at scala.tools.nsc.interactive.Global.typedTreeAt(Global.scala:799)
	at scala.tools.nsc.interactive.Global.scopeMembers(Global.scala:1015)
	at scala.tools.nsc.interactive.Global.$anonfun$getScopeCompletion$2(Global.scala:972)
	at scala.tools.nsc.interactive.Global.$anonfun$respond$1(Global.scala:688)
	at scala.tools.nsc.interactive.Global.respondGradually(Global.scala:695)
	at scala.tools.nsc.interactive.Global.respond(Global.scala:688)
	at scala.tools.nsc.interactive.Global.getScopeCompletion(Global.scala:972)
	at scala.tools.nsc.interactive.CompilerControl$AskScopeCompletionItem.apply$mcV$sp(CompilerControl.scala:357)
	at scala.tools.nsc.interactive.Global.$anonfun$pollForWork$1(Global.scala:493)
	at scala.tools.nsc.interactive.Global.pollForWork(Global.scala:418)
	at scala.tools.nsc.interactive.Global.checkForMoreWork(Global.scala:507)
	at scala.tools.nsc.interactive.Global.signalDone(Global.scala:348)
	at scala.tools.nsc.typechecker.Typers$Typer.runTyper$1(Typers.scala:5585)
	at scala.tools.nsc.typechecker.Typers$Typer.typedInternal(Typers.scala:5593)
	at scala.tools.nsc.typechecker.Typers$Typer.body$2(Typers.scala:5537)
	at scala.tools.nsc.typechecker.Typers$Typer.typed(Typers.scala:5541)
	at scala.tools.nsc.typechecker.Typers$Typer.typedQualifier(Typers.scala:5644)
	at scala.tools.nsc.typechecker.Typers$Typer.typedQualifier(Typers.scala:5652)
	at scala.tools.nsc.typechecker.Typers$Typer.typedPackageDef$1(Typers.scala:5173)
	at scala.tools.nsc.typechecker.Typers$Typer.typedMemberDef$1(Typers.scala:5479)
	at scala.tools.nsc.typechecker.Typers$Typer.typed1(Typers.scala:5526)
	at scala.tools.nsc.typechecker.Typers$Typer.runTyper$1(Typers.scala:5563)
	at scala.tools.nsc.typechecker.Typers$Typer.typedInternal(Typers.scala:5593)
	at scala.tools.nsc.typechecker.Typers$Typer.body$2(Typers.scala:5537)
	at scala.tools.nsc.typechecker.Typers$Typer.typed(Typers.scala:5541)
	at scala.tools.nsc.typechecker.Typers$Typer.typed(Typers.scala:5620)
	at scala.tools.nsc.typechecker.Analyzer$typerFactory$$anon$3.apply(Analyzer.scala:102)
	at scala.tools.nsc.Global$GlobalPhase.$anonfun$applyPhase$1(Global.scala:423)
	at scala.tools.nsc.Global$GlobalPhase.applyPhase(Global.scala:416)
	at scala.tools.nsc.interactive.Global$TyperRun.$anonfun$applyPhase$1(Global.scala:1326)
	at scala.tools.nsc.interactive.Global$TyperRun.applyPhase(Global.scala:1326)
	at scala.tools.nsc.interactive.Global$TyperRun.typeCheck(Global.scala:1319)
	at scala.tools.nsc.interactive.Global.typeCheck(Global.scala:657)
	at scala.tools.nsc.interactive.Global.$anonfun$backgroundCompile$7(Global.scala:572)
	at scala.tools.nsc.interactive.Global.$anonfun$backgroundCompile$6(Global.scala:568)
	at scala.tools.nsc.interactive.Global.$anonfun$backgroundCompile$6$adapted(Global.scala:568)
	at scala.collection.TraversableLike$WithFilter.$anonfun$foreach$1(TraversableLike.scala:789)
	at scala.collection.immutable.List.foreach(List.scala:389)
	at scala.collection.TraversableLike$WithFilter.foreach(TraversableLike.scala:788)
	at scala.tools.nsc.interactive.Global.backgroundCompile(Global.scala:568)
	at scala.tools.nsc.interactive.PresentationCompilerThread.run(PresentationCompilerThread.scala:25)
2017-08-23 14:46:52,109 ERROR [main] - org.scala-ide.sdt.core - org.scala-ide.sdt.core - org.scala-ide.sdt.core - 0 - Throwable during asyncExec
java.lang.NullPointerException
	at scala.reflect.internal.Definitions$DefinitionsClass.isByNameParamType(Definitions.scala:388)
	at scala.reflect.internal.TreeInfo.isStableIdent(TreeInfo.scala:130)
	at scala.reflect.internal.TreeInfo.isStableIdentifier(TreeInfo.scala:106)
	at scala.reflect.internal.TreeInfo.isPath(TreeInfo.scala:95)
	at scala.reflect.internal.TreeInfo.admitsTypeSelection(TreeInfo.scala:148)
	at scala.tools.nsc.interactive.Global.stabilizedType(Global.scala:951)
	at scala.tools.nsc.interactive.Global.typedTreeAt(Global.scala:799)
	at scala.tools.nsc.interactive.Global.$anonfun$getTypedTreeAt$1(Global.scala:829)
	at scala.tools.nsc.interactive.Global.$anonfun$respond$1(Global.scala:688)
	at scala.tools.nsc.interactive.Global.respondGradually(Global.scala:695)
	at scala.tools.nsc.interactive.Global.respond(Global.scala:688)
	at scala.tools.nsc.interactive.Global.getTypedTreeAt(Global.scala:829)
	at scala.tools.nsc.interactive.CompilerControl$AskTypeAtItem.apply$mcV$sp(CompilerControl.scala:333)
	at scala.tools.nsc.interactive.Global.$anonfun$pollForWork$1(Global.scala:493)
	at scala.tools.nsc.interactive.Global.pollForWork(Global.scala:418)
	at scala.tools.nsc.interactive.Global.checkForMoreWork(Global.scala:507)
	at scala.tools.nsc.interactive.Global.signalParseProgress(Global.scala:318)
	at scala.tools.nsc.ast.parser.Parsers$Parser.funDefRest(Parsers.scala:2728)
	at scala.tools.nsc.ast.parser.Parsers$Parser.funDefOrDcl(Parsers.scala:2685)
	at scala.tools.nsc.ast.parser.Parsers$Parser.defOrDcl(Parsers.scala:2570)
	at scala.tools.nsc.ast.parser.Parsers$Parser.nonLocalDefOrDcl(Parsers.scala:2582)
	at scala.tools.nsc.ast.parser.Parsers$Parser$$anonfun$templateStat$1.$anonfun$applyOrElse$2(Parsers.scala:3139)
	at scala.tools.nsc.doc.ScaladocSyntaxAnalyzer$ScaladocUnitParser.joinComment(ScaladocAnalyzer.scala:194)
	at scala.tools.nsc.ast.parser.Parsers$Parser$$anonfun$templateStat$1.applyOrElse(Parsers.scala:3139)
	at scala.tools.nsc.ast.parser.Parsers$Parser.statSeq(Parsers.scala:3066)
	at scala.tools.nsc.ast.parser.Parsers$Parser.templateStats(Parsers.scala:3133)
	at scala.tools.nsc.ast.parser.Parsers$Parser.$anonfun$templateStatSeq$1(Parsers.scala:3120)
	at scala.tools.nsc.ast.parser.Parsers$Parser.checkNoEscapingPlaceholders(Parsers.scala:481)
	at scala.tools.nsc.ast.parser.Parsers$Parser.templateStatSeq(Parsers.scala:3097)
	at scala.tools.nsc.ast.parser.Parsers$Parser.$anonfun$templateBody$1(Parsers.scala:3026)
	at scala.tools.nsc.ast.parser.Parsers$Parser.templateBody(Parsers.scala:66)
	at scala.tools.nsc.ast.parser.Parsers$Parser.templateBodyOpt(Parsers.scala:3033)
	at scala.tools.nsc.ast.parser.Parsers$Parser.templateOpt(Parsers.scala:2997)
	at scala.tools.nsc.ast.parser.Parsers$Parser.objectDef(Parsers.scala:2882)
	at scala.tools.nsc.ast.parser.Parsers$Parser.tmplDef(Parsers.scala:2824)
	at scala.tools.nsc.ast.parser.Parsers$Parser.topLevelTmplDef(Parsers.scala:2805)
	at scala.tools.nsc.ast.parser.Parsers$Parser$$anonfun$topStat$1.$anonfun$applyOrElse$1(Parsers.scala:3089)
	at scala.tools.nsc.doc.ScaladocSyntaxAnalyzer$ScaladocUnitParser.joinComment(ScaladocAnalyzer.scala:194)
	at scala.tools.nsc.ast.parser.Parsers$Parser$$anonfun$topStat$1.applyOrElse(Parsers.scala:3089)
	at scala.tools.nsc.ast.parser.Parsers$Parser.statSeq(Parsers.scala:3066)
	at scala.tools.nsc.ast.parser.Parsers$Parser.topStatSeq(Parsers.scala:3081)
	at scala.tools.nsc.ast.parser.Parsers$Parser.topstats$1(Parsers.scala:3279)
	at scala.tools.nsc.ast.parser.Parsers$Parser.topstats$1(Parsers.scala:3271)
	at scala.tools.nsc.ast.parser.Parsers$Parser.$anonfun$compilationUnit$1(Parsers.scala:3285)
	at scala.tools.nsc.ast.parser.Parsers$Parser.checkNoEscapingPlaceholders(Parsers.scala:481)
	at scala.tools.nsc.ast.parser.Parsers$Parser.compilationUnit(Parsers.scala:3247)
	at scala.tools.nsc.ast.parser.Parsers$SourceFileParser.$anonfun$parseStartRule$1(Parsers.scala:145)
	at scala.tools.nsc.ast.parser.Parsers$Parser.$anonfun$parse$1(Parsers.scala:351)
	at scala.tools.nsc.ast.parser.Parsers$Parser.parseRule(Parsers.scala:344)
	at scala.tools.nsc.ast.parser.Parsers$Parser.parse(Parsers.scala:351)
	at scala.tools.nsc.ast.parser.Parsers$UnitParser.$anonfun$smartParse$1(Parsers.scala:241)
	at scala.tools.nsc.ast.parser.Parsers$UnitParser.smartParse(Parsers.scala:216)
	at scala.tools.nsc.ast.parser.SyntaxAnalyzer.scala$tools$nsc$ast$parser$SyntaxAnalyzer$$initialUnitBody(SyntaxAnalyzer.scala:87)
	at scala.tools.nsc.ast.parser.SyntaxAnalyzer$ParserPhase.apply(SyntaxAnalyzer.scala:99)
	at scala.tools.nsc.Global$GlobalPhase.$anonfun$applyPhase$1(Global.scala:423)
	at scala.tools.nsc.Global$GlobalPhase.applyPhase(Global.scala:416)
	at scala.tools.nsc.Global$Run.$anonfun$compileLate$3(Global.scala:1528)
	at scala.tools.nsc.Global$Run.$anonfun$compileLate$2(Global.scala:1528)
	at scala.tools.nsc.Global$Run.$anonfun$compileLate$2$adapted(Global.scala:1527)
	at scala.collection.Iterator.foreach(Iterator.scala:929)
	at scala.collection.Iterator.foreach$(Iterator.scala:929)
	at scala.collection.AbstractIterator.foreach(Iterator.scala:1417)
	at scala.tools.nsc.Global$Run.compileLate(Global.scala:1527)
	at scala.tools.nsc.interactive.Global.parseAndEnter(Global.scala:645)
	at scala.tools.nsc.interactive.Global.$anonfun$backgroundCompile$4(Global.scala:554)
	at scala.tools.nsc.interactive.Global.$anonfun$backgroundCompile$3(Global.scala:551)
	at scala.tools.nsc.interactive.Global.backgroundCompile(Global.scala:551)
	at scala.tools.nsc.interactive.PresentationCompilerThread.run(PresentationCompilerThread.scala:25)
2017-08-23 14:46:52,117 ERROR [main] - org.scala-ide.sdt.core - org.scala-ide.sdt.core - org.scala-ide.sdt.core - 0 - Throwable during asyncExec
java.lang.NullPointerException
	at scala.reflect.internal.Definitions$DefinitionsClass.isByNameParamType(Definitions.scala:388)
	at scala.reflect.internal.TreeInfo.isStableIdent(TreeInfo.scala:130)
	at scala.reflect.internal.TreeInfo.isStableIdentifier(TreeInfo.scala:106)
	at scala.reflect.internal.TreeInfo.isPath(TreeInfo.scala:95)
	at scala.reflect.internal.TreeInfo.admitsTypeSelection(TreeInfo.scala:148)
	at scala.tools.nsc.interactive.Global.stabilizedType(Global.scala:951)
	at scala.tools.nsc.interactive.Global.typedTreeAt(Global.scala:799)
	at scala.tools.nsc.interactive.Global.scopeMembers(Global.scala:1015)
	at scala.tools.nsc.interactive.Global.$anonfun$getScopeCompletion$2(Global.scala:972)
	at scala.tools.nsc.interactive.Global.$anonfun$respond$1(Global.scala:688)
	at scala.tools.nsc.interactive.Global.respondGradually(Global.scala:695)
	at scala.tools.nsc.interactive.Global.respond(Global.scala:688)
	at scala.tools.nsc.interactive.Global.getScopeCompletion(Global.scala:972)
	at scala.tools.nsc.interactive.CompilerControl$AskScopeCompletionItem.apply$mcV$sp(CompilerControl.scala:357)
	at scala.tools.nsc.interactive.Global.$anonfun$pollForWork$1(Global.scala:493)
	at scala.tools.nsc.interactive.Global.pollForWork(Global.scala:418)
	at scala.tools.nsc.interactive.Global.checkForMoreWork(Global.scala:507)
	at scala.tools.nsc.interactive.Global.signalDone(Global.scala:348)
	at scala.tools.nsc.typechecker.Typers$Typer.runTyper$1(Typers.scala:5585)
	at scala.tools.nsc.typechecker.Typers$Typer.typedInternal(Typers.scala:5593)
	at scala.tools.nsc.typechecker.Typers$Typer.body$2(Typers.scala:5537)
	at scala.tools.nsc.typechecker.Typers$Typer.typed(Typers.scala:5541)
	at scala.tools.nsc.typechecker.Typers$Typer.typedQualifier(Typers.scala:5644)
	at scala.tools.nsc.typechecker.Typers$Typer.typedQualifier(Typers.scala:5652)
	at scala.tools.nsc.typechecker.Typers$Typer.typedPackageDef$1(Typers.scala:5173)
	at scala.tools.nsc.typechecker.Typers$Typer.typedMemberDef$1(Typers.scala:5479)
	at scala.tools.nsc.typechecker.Typers$Typer.typed1(Typers.scala:5526)
	at scala.tools.nsc.typechecker.Typers$Typer.runTyper$1(Typers.scala:5563)
	at scala.tools.nsc.typechecker.Typers$Typer.typedInternal(Typers.scala:5593)
	at scala.tools.nsc.typechecker.Typers$Typer.body$2(Typers.scala:5537)
	at scala.tools.nsc.typechecker.Typers$Typer.typed(Typers.scala:5541)
	at scala.tools.nsc.typechecker.Typers$Typer.typed(Typers.scala:5620)
	at scala.tools.nsc.typechecker.Analyzer$typerFactory$$anon$3.apply(Analyzer.scala:102)
	at scala.tools.nsc.Global$GlobalPhase.$anonfun$applyPhase$1(Global.scala:423)
	at scala.tools.nsc.Global$GlobalPhase.applyPhase(Global.scala:416)
	at scala.tools.nsc.interactive.Global$TyperRun.$anonfun$applyPhase$1(Global.scala:1326)
	at scala.tools.nsc.interactive.Global$TyperRun.applyPhase(Global.scala:1326)
	at scala.tools.nsc.interactive.Global$TyperRun.typeCheck(Global.scala:1319)
	at scala.tools.nsc.interactive.Global.typeCheck(Global.scala:657)
	at scala.tools.nsc.interactive.Global.$anonfun$backgroundCompile$7(Global.scala:572)
	at scala.tools.nsc.interactive.Global.$anonfun$backgroundCompile$6(Global.scala:568)
	at scala.tools.nsc.interactive.Global.$anonfun$backgroundCompile$6$adapted(Global.scala:568)
	at scala.collection.TraversableLike$WithFilter.$anonfun$foreach$1(TraversableLike.scala:789)
	at scala.collection.immutable.List.foreach(List.scala:389)
	at scala.collection.TraversableLike$WithFilter.foreach(TraversableLike.scala:788)
	at scala.tools.nsc.interactive.Global.backgroundCompile(Global.scala:568)
	at scala.tools.nsc.interactive.PresentationCompilerThread.run(PresentationCompilerThread.scala:25)
2017-08-23 14:52:19,445  WARN [org.scalaide.ui.internal.reconciliation.ScalaReconciler] - TraverserImpl$ - Skipping annotation, position length = 0, position offset = 382
2017-08-23 15:00:13,142  WARN [main] - ScalaProject - Project   has platform default sourceLevel.
2017-08-23 15:00:13,142  WARN [main] - ScalaProject - Project   runs on platform default installation.
2017-08-23 15:00:13,790  WARN [org.scalaide.ui.internal.reconciliation.ScalaReconciler] - ScalaProject - Project   has platform default sourceLevel.
2017-08-23 15:00:13,790  WARN [org.scalaide.ui.internal.reconciliation.ScalaReconciler] - ScalaProject - Project   runs on platform default installation.
2017-08-23 15:00:13,819 ERROR [main] - org.scala-ide.sdt.core - org.scala-ide.sdt.core - org.scala-ide.sdt.core - 0 - scala.reflect.internal.MissingRequirementError: object scala in compiler mirror not found.
2017-08-23 15:00:13,865 ERROR [main] - org.scala-ide.sdt.core - org.scala-ide.sdt.core - org.scala-ide.sdt.core - 0 - scala.reflect.internal.MissingRequirementError: object scala in compiler mirror not found.
2017-08-23 15:00:14,806  WARN [org.scalaide.ui.internal.reconciliation.ScalaReconciler] - ScalaProject - Project   has platform default sourceLevel.
2017-08-23 15:00:14,807  WARN [org.scalaide.ui.internal.reconciliation.ScalaReconciler] - ScalaProject - Project   runs on platform default installation.
2017-08-23 15:00:14,837 ERROR [main] - org.scala-ide.sdt.core - org.scala-ide.sdt.core - org.scala-ide.sdt.core - 0 - scala.reflect.internal.MissingRequirementError: object scala in compiler mirror not found.
2017-08-23 15:00:15,326  WARN [org.scalaide.ui.internal.reconciliation.ScalaReconciler] - ScalaProject - Project   has platform default sourceLevel.
2017-08-23 15:00:15,326  WARN [org.scalaide.ui.internal.reconciliation.ScalaReconciler] - ScalaProject - Project   runs on platform default installation.
2017-08-23 15:00:15,349 ERROR [main] - org.scala-ide.sdt.core - org.scala-ide.sdt.core - org.scala-ide.sdt.core - 0 - scala.reflect.internal.MissingRequirementError: object scala in compiler mirror not found.
2017-08-23 15:00:18,348  WARN [Text Viewer Hover Presenter] - ScalaProject - Project   has platform default sourceLevel.
2017-08-23 15:00:18,349  WARN [Text Viewer Hover Presenter] - ScalaProject - Project   runs on platform default installation.
2017-08-23 15:00:18,359  WARN [Text Viewer Hover Presenter] - ScalaProject - Project   has platform default sourceLevel.
2017-08-23 15:00:18,359  WARN [Text Viewer Hover Presenter] - ScalaProject - Project   runs on platform default installation.
2017-08-23 15:00:18,366 ERROR [main] - org.scala-ide.sdt.core - org.scala-ide.sdt.core - org.scala-ide.sdt.core - 0 - scala.reflect.internal.MissingRequirementError: object scala in compiler mirror not found.
2017-08-23 15:00:18,380 ERROR [main] - org.scala-ide.sdt.core - org.scala-ide.sdt.core - org.scala-ide.sdt.core - 0 - scala.reflect.internal.MissingRequirementError: object scala in compiler mirror not found.
2017-08-23 15:00:21,223  WARN [Text Viewer Hover Presenter] - ScalaProject - Project   has platform default sourceLevel.
2017-08-23 15:00:21,223  WARN [Text Viewer Hover Presenter] - ScalaProject - Project   runs on platform default installation.
2017-08-23 15:00:21,232  WARN [Text Viewer Hover Presenter] - ScalaProject - Project   has platform default sourceLevel.
2017-08-23 15:00:21,232  WARN [Text Viewer Hover Presenter] - ScalaProject - Project   runs on platform default installation.
2017-08-23 15:00:21,238 ERROR [main] - org.scala-ide.sdt.core - org.scala-ide.sdt.core - org.scala-ide.sdt.core - 0 - scala.reflect.internal.MissingRequirementError: object scala in compiler mirror not found.
2017-08-23 15:00:21,248 ERROR [main] - org.scala-ide.sdt.core - org.scala-ide.sdt.core - org.scala-ide.sdt.core - 0 - scala.reflect.internal.MissingRequirementError: object scala in compiler mirror not found.
2017-08-23 15:00:36,932  WARN [Text Viewer Hover Presenter] - ScalaProject - Project   has platform default sourceLevel.
2017-08-23 15:00:36,933  WARN [Text Viewer Hover Presenter] - ScalaProject - Project   runs on platform default installation.
2017-08-23 15:00:36,958  WARN [Text Viewer Hover Presenter] - ScalaProject - Project   has platform default sourceLevel.
2017-08-23 15:00:36,958  WARN [Text Viewer Hover Presenter] - ScalaProject - Project   runs on platform default installation.
2017-08-23 15:00:36,966 ERROR [main] - org.scala-ide.sdt.core - org.scala-ide.sdt.core - org.scala-ide.sdt.core - 0 - scala.reflect.internal.MissingRequirementError: object scala in compiler mirror not found.
2017-08-23 15:00:36,972 ERROR [main] - org.scala-ide.sdt.core - org.scala-ide.sdt.core - org.scala-ide.sdt.core - 0 - scala.reflect.internal.MissingRequirementError: object scala in compiler mirror not found.
2017-08-23 15:01:05,878  WARN [org.scalaide.ui.internal.reconciliation.ScalaReconciler] - ScalaProject - Project   has platform default sourceLevel.
2017-08-23 15:01:05,878  WARN [org.scalaide.ui.internal.reconciliation.ScalaReconciler] - ScalaProject - Project   runs on platform default installation.
2017-08-23 15:01:05,893 ERROR [main] - org.scala-ide.sdt.core - org.scala-ide.sdt.core - org.scala-ide.sdt.core - 0 - scala.reflect.internal.MissingRequirementError: object scala in compiler mirror not found.
2017-08-23 15:01:06,387  WARN [org.scalaide.ui.internal.reconciliation.ScalaReconciler] - ScalaProject - Project   has platform default sourceLevel.
2017-08-23 15:01:06,387  WARN [org.scalaide.ui.internal.reconciliation.ScalaReconciler] - ScalaProject - Project   runs on platform default installation.
2017-08-23 15:01:06,402 ERROR [main] - org.scala-ide.sdt.core - org.scala-ide.sdt.core - org.scala-ide.sdt.core - 0 - scala.reflect.internal.MissingRequirementError: object scala in compiler mirror not found.
2017-08-23 15:01:08,519  WARN [Worker-26] - ScalaProject - Project Friends-Recommendation has platform default sourceLevel.
2017-08-23 15:01:08,519  WARN [Worker-26] - ScalaProject - Project Friends-Recommendation runs on platform default installation.
2017-08-23 15:01:10,403  WARN [org.scalaide.ui.internal.reconciliation.ScalaReconciler] - ScalaProject - Project   has platform default sourceLevel.
2017-08-23 15:01:10,403  WARN [org.scalaide.ui.internal.reconciliation.ScalaReconciler] - ScalaProject - Project   runs on platform default installation.
2017-08-23 15:01:10,416 ERROR [main] - org.scala-ide.sdt.core - org.scala-ide.sdt.core - org.scala-ide.sdt.core - 0 - scala.reflect.internal.MissingRequirementError: object scala in compiler mirror not found.
2017-08-23 15:01:10,911  WARN [org.scalaide.ui.internal.reconciliation.ScalaReconciler] - ScalaProject - Project   has platform default sourceLevel.
2017-08-23 15:01:10,911  WARN [org.scalaide.ui.internal.reconciliation.ScalaReconciler] - ScalaProject - Project   runs on platform default installation.
2017-08-23 15:01:10,925 ERROR [main] - org.scala-ide.sdt.core - org.scala-ide.sdt.core - org.scala-ide.sdt.core - 0 - scala.reflect.internal.MissingRequirementError: object scala in compiler mirror not found.
2017-08-23 15:01:20,691  WARN [org.scalaide.ui.internal.reconciliation.ScalaReconciler] - ScalaProject - Project   has platform default sourceLevel.
2017-08-23 15:01:20,692  WARN [org.scalaide.ui.internal.reconciliation.ScalaReconciler] - ScalaProject - Project   runs on platform default installation.
2017-08-23 15:01:21,705  WARN [org.scalaide.ui.internal.reconciliation.ScalaReconciler] - ScalaProject - Project   has platform default sourceLevel.
2017-08-23 15:01:21,705  WARN [org.scalaide.ui.internal.reconciliation.ScalaReconciler] - ScalaProject - Project   runs on platform default installation.
2017-08-23 15:01:21,967 ERROR [main] - org.scala-ide.sdt.core - org.scala-ide.sdt.core - org.scala-ide.sdt.core - 0 - scala.reflect.internal.MissingRequirementError: object scala in compiler mirror not found.
2017-08-23 15:01:21,980 ERROR [main] - org.scala-ide.sdt.core - org.scala-ide.sdt.core - org.scala-ide.sdt.core - 0 - scala.reflect.internal.MissingRequirementError: object scala in compiler mirror not found.
2017-08-23 21:58:59,776  WARN [org.scalaide.ui.internal.reconciliation.ScalaReconciler] - CallByNameParamAtCreationPresenter - Timeout while waiting for `askLoadedTyped` during semantic highlighting.
2017-08-23 21:59:27,748 ERROR [Text Viewer Hover Presenter] - IScalaPresentationCompiler$ - Ignoring InterruptException
2017-08-23 21:59:27,799 ERROR [Text Viewer Hover Presenter] - IScalaPresentationCompiler$ - Ignoring InterruptException
2017-08-23 21:59:27,800 ERROR [Text Viewer Hover Presenter] - IScalaPresentationCompiler$ - Ignoring InterruptException
2017-08-23 22:03:20,506 ERROR [Text Viewer Hover Presenter] - IScalaPresentationCompiler$ - Ignoring InterruptException
2017-08-24 00:23:47,844 ERROR [Text Viewer Hover Presenter] - IScalaPresentationCompiler$ - Ignoring InterruptException
2017-08-24 00:23:47,868 ERROR [Text Viewer Hover Presenter] - IScalaPresentationCompiler$ - Ignoring InterruptException
2017-08-24 00:23:47,868 ERROR [Text Viewer Hover Presenter] - IScalaPresentationCompiler$ - Ignoring InterruptException
2017-08-24 00:23:47,868 ERROR [Text Viewer Hover Presenter] - IScalaPresentationCompiler$ - Ignoring InterruptException
2017-08-24 00:38:45,002 ERROR [Text Viewer Hover Presenter] - IScalaPresentationCompiler$ - Ignoring InterruptException
2017-08-24 00:38:45,002 ERROR [Text Viewer Hover Presenter] - IScalaPresentationCompiler$ - Ignoring InterruptException
2017-08-24 00:38:45,002 ERROR [Text Viewer Hover Presenter] - IScalaPresentationCompiler$ - Ignoring InterruptException
2017-08-24 00:45:34,218 ERROR [Text Viewer Hover Presenter] - IScalaPresentationCompiler$ - Ignoring InterruptException
2017-08-24 00:45:34,218 ERROR [Text Viewer Hover Presenter] - IScalaPresentationCompiler$ - Ignoring InterruptException
2017-08-24 00:45:34,218 ERROR [Text Viewer Hover Presenter] - IScalaPresentationCompiler$ - Ignoring InterruptException
2017-08-24 01:13:03,159  WARN [org.scalaide.ui.internal.reconciliation.ScalaReconciler] - CustomSemanticAction - Timeout while waiting for `askLoadedTyped` during semantic highlighting.
2017-08-24 01:16:42,247 ERROR [Text Viewer Hover Presenter] - IScalaPresentationCompiler$ - Ignoring InterruptException
2017-08-24 01:16:42,247 ERROR [Text Viewer Hover Presenter] - IScalaPresentationCompiler$ - Ignoring InterruptException
2017-08-24 01:16:42,247 ERROR [Text Viewer Hover Presenter] - IScalaPresentationCompiler$ - Ignoring InterruptException
2017-08-24 01:16:42,248 ERROR [Text Viewer Hover Presenter] - IScalaPresentationCompiler$ - Ignoring InterruptException
2017-08-24 01:22:31,724  WARN [org.scalaide.ui.internal.reconciliation.ScalaReconciler] - TraverserImpl$ - Skipping annotation, position length = 0, position offset = 956
2017-08-24 01:30:00,890  WARN [org.scalaide.ui.internal.reconciliation.ScalaReconciler] - CustomSemanticAction - Timeout while waiting for `askLoadedTyped` during semantic highlighting.
2017-08-24 01:30:01,090  WARN [org.scalaide.ui.internal.reconciliation.ScalaReconciler] - CallByNameParamAtCreationPresenter - Timeout while waiting for `askLoadedTyped` during semantic highlighting.
2017-08-24 01:56:48,279 ERROR [Text Viewer Hover Presenter] - IScalaPresentationCompiler$ - Ignoring InterruptException
2017-08-24 01:56:48,280 ERROR [Text Viewer Hover Presenter] - IScalaPresentationCompiler$ - Ignoring InterruptException
2017-08-24 03:48:54,145 ERROR [Text Viewer Hover Presenter] - IScalaPresentationCompiler$ - Ignoring InterruptException
2017-08-24 03:48:54,146 ERROR [Text Viewer Hover Presenter] - IScalaPresentationCompiler$ - Ignoring InterruptException
2017-08-24 03:48:54,146 ERROR [Text Viewer Hover Presenter] - IScalaPresentationCompiler$ - Ignoring InterruptException
2017-08-24 11:31:08,688  WARN [org.scalaide.ui.internal.reconciliation.ScalaReconciler] - CustomSemanticAction - Timeout while waiting for `askLoadedTyped` during semantic highlighting.
2017-08-24 22:01:48,372  WARN [org.scalaide.ui.internal.reconciliation.ScalaReconciler] - CallByNameParamAtCreationPresenter - Timeout while waiting for `askLoadedTyped` during semantic highlighting.
2017-08-26 13:05:37,812  WARN [org.scalaide.ui.internal.reconciliation.ScalaReconciler] - ImplicitHighlightingPresenter - Timeout while waiting for `askLoadedTyped` during semantic highlighting.
2017-08-26 13:05:54,442  WARN [org.scalaide.ui.internal.reconciliation.ScalaReconciler] - CustomSemanticAction - Timeout while waiting for `askLoadedTyped` during semantic highlighting.
2017-08-26 13:05:54,815  WARN [org.scalaide.ui.internal.reconciliation.ScalaReconciler] - CallByNameParamAtCreationPresenter - Timeout while waiting for `askLoadedTyped` during semantic highlighting.
2017-08-26 13:06:12,765  WARN [org.scalaide.ui.internal.reconciliation.ScalaReconciler] - CallByNameParamAtCreationPresenter - Timeout while waiting for `askLoadedTyped` during semantic highlighting.
2017-08-26 14:00:41,521  WARN [org.scalaide.ui.internal.reconciliation.ScalaReconciler] - CustomSemanticAction - Timeout while waiting for `askLoadedTyped` during semantic highlighting.
2017-08-26 14:00:41,722  WARN [org.scalaide.ui.internal.reconciliation.ScalaReconciler] - CallByNameParamAtCreationPresenter - Timeout while waiting for `askLoadedTyped` during semantic highlighting.
2017-08-26 14:01:13,296  WARN [org.scalaide.ui.internal.reconciliation.ScalaReconciler] - CallByNameParamAtCreationPresenter - Timeout while waiting for `askLoadedTyped` during semantic highlighting.
2017-08-26 14:21:15,953  WARN [org.scalaide.ui.internal.reconciliation.ScalaReconciler] - CustomSemanticAction - Timeout while waiting for `askLoadedTyped` during semantic highlighting.
2017-08-26 14:25:12,772  WARN [org.scalaide.ui.internal.reconciliation.ScalaReconciler] - CustomSemanticAction - Timeout while waiting for `askLoadedTyped` during semantic highlighting.
2017-08-26 14:25:12,973  WARN [org.scalaide.ui.internal.reconciliation.ScalaReconciler] - CallByNameParamAtCreationPresenter - Timeout while waiting for `askLoadedTyped` during semantic highlighting.
2017-08-26 17:11:31,645  WARN [org.scalaide.ui.internal.reconciliation.ScalaReconciler] - ImplicitHighlightingPresenter - Timeout while waiting for `askLoadedTyped` during semantic highlighting.
2017-08-26 17:11:32,127  WARN [org.scalaide.ui.internal.reconciliation.ScalaReconciler] - CustomSemanticAction - Timeout while waiting for `askLoadedTyped` during semantic highlighting.
2017-08-26 17:11:32,385  WARN [org.scalaide.ui.internal.reconciliation.ScalaReconciler] - CallByNameParamAtCreationPresenter - Timeout while waiting for `askLoadedTyped` during semantic highlighting.
2017-08-26 17:11:35,388  WARN [org.scalaide.ui.internal.reconciliation.ScalaReconciler] - ImplicitHighlightingPresenter - Timeout while waiting for `askLoadedTyped` during semantic highlighting.
2017-08-26 17:11:35,624  WARN [org.scalaide.ui.internal.reconciliation.ScalaReconciler] - CustomSemanticAction - Timeout while waiting for `askLoadedTyped` during semantic highlighting.
2017-08-26 17:12:34,654  WARN [org.scalaide.ui.internal.reconciliation.ScalaReconciler] - CallByNameParamAtCreationPresenter - Timeout while waiting for `askLoadedTyped` during semantic highlighting.
2017-08-26 17:12:43,970  WARN [org.scalaide.ui.internal.reconciliation.ScalaReconciler] - ImplicitHighlightingPresenter - Timeout while waiting for `askLoadedTyped` during semantic highlighting.
2017-08-26 17:13:22,212  WARN [org.scalaide.ui.internal.reconciliation.ScalaReconciler] - ImplicitHighlightingPresenter - Timeout while waiting for `askLoadedTyped` during semantic highlighting.
2017-08-26 17:13:22,413  WARN [org.scalaide.ui.internal.reconciliation.ScalaReconciler] - CustomSemanticAction - Timeout while waiting for `askLoadedTyped` during semantic highlighting.
2017-08-26 17:14:00,012  WARN [org.scalaide.ui.internal.reconciliation.ScalaReconciler] - CustomSemanticAction - Timeout while waiting for `askLoadedTyped` during semantic highlighting.
2017-08-26 17:25:19,767 ERROR [Text Viewer Hover Presenter] - IScalaPresentationCompiler$ - Ignoring InterruptException
2017-08-26 17:25:19,768 ERROR [Text Viewer Hover Presenter] - IScalaPresentationCompiler$ - Ignoring InterruptException
2017-08-26 17:25:19,769 ERROR [Text Viewer Hover Presenter] - IScalaPresentationCompiler$ - Ignoring InterruptException
2017-08-26 17:25:45,248  WARN [org.scalaide.ui.internal.reconciliation.ScalaReconciler] - CallByNameParamAtCreationPresenter - Timeout while waiting for `askLoadedTyped` during semantic highlighting.
2017-08-26 17:25:50,157  WARN [org.scalaide.ui.internal.reconciliation.ScalaReconciler] - ImplicitHighlightingPresenter - Timeout while waiting for `askLoadedTyped` during semantic highlighting.
2017-08-26 17:25:52,941  WARN [org.scalaide.ui.internal.reconciliation.ScalaReconciler] - CallByNameParamAtCreationPresenter - Timeout while waiting for `askLoadedTyped` during semantic highlighting.
2017-08-26 17:30:54,147  WARN [org.scalaide.ui.internal.reconciliation.ScalaReconciler] - CustomSemanticAction - Timeout while waiting for `askLoadedTyped` during semantic highlighting.
2017-08-26 17:31:37,331  WARN [org.scalaide.ui.internal.reconciliation.ScalaReconciler] - TraverserImpl$ - Skipping annotation, position length = 0, position offset = 1509
2017-08-26 17:31:37,331  WARN [org.scalaide.ui.internal.reconciliation.ScalaReconciler] - TraverserImpl$ - Skipping annotation, position length = 0, position offset = 1587
2017-08-26 17:34:02,894  WARN [org.scalaide.ui.internal.reconciliation.ScalaReconciler] - CustomSemanticAction - Timeout while waiting for `askLoadedTyped` during semantic highlighting.
2017-08-26 17:34:03,097  WARN [org.scalaide.ui.internal.reconciliation.ScalaReconciler] - CallByNameParamAtCreationPresenter - Timeout while waiting for `askLoadedTyped` during semantic highlighting.
2017-08-26 17:35:23,351 ERROR [Text Viewer Hover Presenter] - IScalaPresentationCompiler$ - Ignoring InterruptException
2017-08-26 17:35:23,351 ERROR [Text Viewer Hover Presenter] - IScalaPresentationCompiler$ - Ignoring InterruptException
2017-08-26 17:35:23,351 ERROR [Text Viewer Hover Presenter] - IScalaPresentationCompiler$ - Ignoring InterruptException
2017-08-26 17:38:03,318  WARN [org.scalaide.ui.internal.reconciliation.ScalaReconciler] - CustomSemanticAction - Timeout while waiting for `askLoadedTyped` during semantic highlighting.
2017-08-26 17:38:03,527  WARN [org.scalaide.ui.internal.reconciliation.ScalaReconciler] - CallByNameParamAtCreationPresenter - Timeout while waiting for `askLoadedTyped` during semantic highlighting.
2017-08-26 17:49:20,816  WARN [org.scalaide.ui.internal.reconciliation.ScalaReconciler] - CallByNameParamAtCreationPresenter - Timeout while waiting for `askLoadedTyped` during semantic highlighting.
2017-08-26 19:44:10,931  WARN [org.scalaide.ui.internal.reconciliation.ScalaReconciler] - CallByNameParamAtCreationPresenter - Timeout while waiting for `askLoadedTyped` during semantic highlighting.
2017-08-26 19:50:27,354  WARN [org.scalaide.ui.internal.reconciliation.ScalaReconciler] - ImplicitHighlightingPresenter - Timeout while waiting for `askLoadedTyped` during semantic highlighting.
2017-08-26 19:50:27,563  WARN [org.scalaide.ui.internal.reconciliation.ScalaReconciler] - CustomSemanticAction - Timeout while waiting for `askLoadedTyped` during semantic highlighting.
2017-08-26 19:50:27,765  WARN [org.scalaide.ui.internal.reconciliation.ScalaReconciler] - CallByNameParamAtCreationPresenter - Timeout while waiting for `askLoadedTyped` during semantic highlighting.
2017-08-26 19:56:56,584 ERROR [Text Viewer Hover Presenter] - IScalaPresentationCompiler$ - Ignoring InterruptException
2017-08-26 19:56:56,640 ERROR [Text Viewer Hover Presenter] - IScalaPresentationCompiler$ - Ignoring InterruptException
2017-08-26 19:56:56,640 ERROR [Text Viewer Hover Presenter] - IScalaPresentationCompiler$ - Ignoring InterruptException
2017-08-26 19:56:56,640 ERROR [Text Viewer Hover Presenter] - IScalaPresentationCompiler$ - Ignoring InterruptException
2017-08-26 21:04:57,999 ERROR [main] - org.scala-ide.sdt.core - org.scala-ide.sdt.core - org.scala-ide.sdt.core - 0 - Throwable during asyncExec
java.lang.NullPointerException
	at scala.reflect.internal.Definitions$DefinitionsClass.isByNameParamType(Definitions.scala:388)
	at scala.reflect.internal.TreeInfo.isStableIdent(TreeInfo.scala:130)
	at scala.reflect.internal.TreeInfo.isStableIdentifier(TreeInfo.scala:106)
	at scala.reflect.internal.TreeInfo.isPath(TreeInfo.scala:95)
	at scala.reflect.internal.TreeInfo.admitsTypeSelection(TreeInfo.scala:148)
	at scala.tools.nsc.interactive.Global.stabilizedType(Global.scala:951)
	at scala.tools.nsc.interactive.Global.typedTreeAt(Global.scala:799)
	at scala.tools.nsc.interactive.Global.$anonfun$getTypedTreeAt$1(Global.scala:829)
	at scala.tools.nsc.interactive.Global.$anonfun$respond$1(Global.scala:688)
	at scala.tools.nsc.interactive.Global.respondGradually(Global.scala:695)
	at scala.tools.nsc.interactive.Global.respond(Global.scala:688)
	at scala.tools.nsc.interactive.Global.getTypedTreeAt(Global.scala:829)
	at scala.tools.nsc.interactive.CompilerControl$AskTypeAtItem.apply$mcV$sp(CompilerControl.scala:333)
	at scala.tools.nsc.interactive.Global.$anonfun$pollForWork$1(Global.scala:493)
	at scala.tools.nsc.interactive.Global.pollForWork(Global.scala:418)
	at scala.tools.nsc.interactive.Global.checkForMoreWork(Global.scala:507)
	at scala.tools.nsc.interactive.Global.signalParseProgress(Global.scala:318)
	at scala.tools.nsc.ast.parser.Parsers$Parser.funDefRest(Parsers.scala:2728)
	at scala.tools.nsc.ast.parser.Parsers$Parser.funDefOrDcl(Parsers.scala:2685)
	at scala.tools.nsc.ast.parser.Parsers$Parser.defOrDcl(Parsers.scala:2570)
	at scala.tools.nsc.ast.parser.Parsers$Parser.nonLocalDefOrDcl(Parsers.scala:2582)
	at scala.tools.nsc.ast.parser.Parsers$Parser$$anonfun$templateStat$1.$anonfun$applyOrElse$2(Parsers.scala:3139)
	at scala.tools.nsc.doc.ScaladocSyntaxAnalyzer$ScaladocUnitParser.joinComment(ScaladocAnalyzer.scala:194)
	at scala.tools.nsc.ast.parser.Parsers$Parser$$anonfun$templateStat$1.applyOrElse(Parsers.scala:3139)
	at scala.tools.nsc.ast.parser.Parsers$Parser.statSeq(Parsers.scala:3066)
	at scala.tools.nsc.ast.parser.Parsers$Parser.templateStats(Parsers.scala:3133)
	at scala.tools.nsc.ast.parser.Parsers$Parser.$anonfun$templateStatSeq$1(Parsers.scala:3120)
	at scala.tools.nsc.ast.parser.Parsers$Parser.checkNoEscapingPlaceholders(Parsers.scala:481)
	at scala.tools.nsc.ast.parser.Parsers$Parser.templateStatSeq(Parsers.scala:3097)
	at scala.tools.nsc.ast.parser.Parsers$Parser.$anonfun$templateBody$1(Parsers.scala:3026)
	at scala.tools.nsc.ast.parser.Parsers$Parser.templateBody(Parsers.scala:66)
	at scala.tools.nsc.ast.parser.Parsers$Parser.templateBodyOpt(Parsers.scala:3033)
	at scala.tools.nsc.ast.parser.Parsers$Parser.templateOpt(Parsers.scala:2997)
	at scala.tools.nsc.ast.parser.Parsers$Parser.$anonfun$classDef$1(Parsers.scala:2860)
	at scala.tools.nsc.ast.parser.Parsers$Parser.savingClassContextBounds(Parsers.scala:326)
	at scala.tools.nsc.ast.parser.Parsers$Parser.classDef(Parsers.scala:2846)
	at scala.tools.nsc.ast.parser.Parsers$Parser.tmplDef(Parsers.scala:2820)
	at scala.tools.nsc.ast.parser.Parsers$Parser.topLevelTmplDef(Parsers.scala:2805)
	at scala.tools.nsc.ast.parser.Parsers$Parser$$anonfun$topStat$1.$anonfun$applyOrElse$1(Parsers.scala:3089)
	at scala.tools.nsc.doc.ScaladocSyntaxAnalyzer$ScaladocUnitParser.joinComment(ScaladocAnalyzer.scala:194)
	at scala.tools.nsc.ast.parser.Parsers$Parser$$anonfun$topStat$1.applyOrElse(Parsers.scala:3089)
	at scala.tools.nsc.ast.parser.Parsers$Parser.statSeq(Parsers.scala:3066)
	at scala.tools.nsc.ast.parser.Parsers$Parser.topStatSeq(Parsers.scala:3081)
	at scala.tools.nsc.ast.parser.Parsers$Parser.topstats$1(Parsers.scala:3279)
	at scala.tools.nsc.ast.parser.Parsers$Parser.topstats$1(Parsers.scala:3271)
	at scala.tools.nsc.ast.parser.Parsers$Parser.$anonfun$compilationUnit$1(Parsers.scala:3285)
	at scala.tools.nsc.ast.parser.Parsers$Parser.checkNoEscapingPlaceholders(Parsers.scala:481)
	at scala.tools.nsc.ast.parser.Parsers$Parser.compilationUnit(Parsers.scala:3247)
	at scala.tools.nsc.ast.parser.Parsers$SourceFileParser.$anonfun$parseStartRule$1(Parsers.scala:145)
	at scala.tools.nsc.ast.parser.Parsers$Parser.$anonfun$parse$1(Parsers.scala:351)
	at scala.tools.nsc.ast.parser.Parsers$Parser.parseRule(Parsers.scala:344)
	at scala.tools.nsc.ast.parser.Parsers$Parser.parse(Parsers.scala:351)
	at scala.tools.nsc.ast.parser.Parsers$UnitParser.$anonfun$smartParse$1(Parsers.scala:241)
	at scala.tools.nsc.ast.parser.Parsers$UnitParser.smartParse(Parsers.scala:216)
	at scala.tools.nsc.ast.parser.SyntaxAnalyzer.scala$tools$nsc$ast$parser$SyntaxAnalyzer$$initialUnitBody(SyntaxAnalyzer.scala:87)
	at scala.tools.nsc.ast.parser.SyntaxAnalyzer$ParserPhase.apply(SyntaxAnalyzer.scala:99)
	at scala.tools.nsc.Global$GlobalPhase.$anonfun$applyPhase$1(Global.scala:423)
	at scala.tools.nsc.Global$GlobalPhase.applyPhase(Global.scala:416)
	at scala.tools.nsc.Global$Run.$anonfun$compileLate$3(Global.scala:1528)
	at scala.tools.nsc.Global$Run.$anonfun$compileLate$2(Global.scala:1528)
	at scala.tools.nsc.Global$Run.$anonfun$compileLate$2$adapted(Global.scala:1527)
	at scala.collection.Iterator.foreach(Iterator.scala:929)
	at scala.collection.Iterator.foreach$(Iterator.scala:929)
	at scala.collection.AbstractIterator.foreach(Iterator.scala:1417)
	at scala.tools.nsc.Global$Run.compileLate(Global.scala:1527)
	at scala.tools.nsc.interactive.Global.parseAndEnter(Global.scala:645)
	at scala.tools.nsc.interactive.Global.$anonfun$backgroundCompile$4(Global.scala:554)
	at scala.tools.nsc.interactive.Global.$anonfun$backgroundCompile$3(Global.scala:551)
	at scala.tools.nsc.interactive.Global.backgroundCompile(Global.scala:551)
	at scala.tools.nsc.interactive.PresentationCompilerThread.run(PresentationCompilerThread.scala:25)
2017-08-26 21:16:42,085  WARN [org.scalaide.ui.internal.reconciliation.ScalaReconciler] - CallByNameParamAtCreationPresenter - Timeout while waiting for `askLoadedTyped` during semantic highlighting.
2017-08-26 21:25:43,941  WARN [org.scalaide.ui.internal.reconciliation.ScalaReconciler] - CallByNameParamAtCreationPresenter - Timeout while waiting for `askLoadedTyped` during semantic highlighting.
2017-08-26 22:55:58,270  WARN [org.scalaide.ui.internal.reconciliation.ScalaReconciler] - CallByNameParamAtCreationPresenter - Timeout while waiting for `askLoadedTyped` during semantic highlighting.
2017-08-26 22:55:58,972  WARN [org.scalaide.ui.internal.reconciliation.ScalaReconciler] - CallByNameParamAtCreationPresenter - Timeout while waiting for `askLoadedTyped` during semantic highlighting.
2017-08-26 22:59:10,545 ERROR [Text Viewer Hover Presenter] - IScalaPresentationCompiler$ - Ignoring InterruptException
2017-08-26 23:00:01,560  WARN [org.scalaide.ui.internal.reconciliation.ScalaReconciler] - CallByNameParamAtCreationPresenter - Timeout while waiting for `askLoadedTyped` during semantic highlighting.
2017-08-26 23:00:07,584  WARN [org.scalaide.ui.internal.reconciliation.ScalaReconciler] - CallByNameParamAtCreationPresenter - Timeout while waiting for `askLoadedTyped` during semantic highlighting.
2017-08-26 23:01:19,822  WARN [org.scalaide.ui.internal.reconciliation.ScalaReconciler] - ImplicitHighlightingPresenter - Timeout while waiting for `askLoadedTyped` during semantic highlighting.
2017-08-26 23:01:27,593  WARN [org.scalaide.ui.internal.reconciliation.ScalaReconciler] - CallByNameParamAtCreationPresenter - Timeout while waiting for `askLoadedTyped` during semantic highlighting.
2017-08-26 23:01:49,131  WARN [org.scalaide.ui.internal.reconciliation.ScalaReconciler] - CustomSemanticAction - Timeout while waiting for `askLoadedTyped` during semantic highlighting.
2017-08-26 23:01:49,332  WARN [org.scalaide.ui.internal.reconciliation.ScalaReconciler] - CallByNameParamAtCreationPresenter - Timeout while waiting for `askLoadedTyped` during semantic highlighting.
2017-08-26 23:06:39,791  WARN [org.scalaide.ui.internal.reconciliation.ScalaReconciler] - TraverserImpl$ - Skipping annotation, position length = 0, position offset = 1490
2017-08-26 23:06:39,791  WARN [org.scalaide.ui.internal.reconciliation.ScalaReconciler] - TraverserImpl$ - Skipping annotation, position length = 0, position offset = 1568
2017-08-26 23:07:08,181  WARN [org.scalaide.ui.internal.reconciliation.ScalaReconciler] - CallByNameParamAtCreationPresenter - Timeout while waiting for `askLoadedTyped` during semantic highlighting.
2017-08-27 00:52:22,499  WARN [org.scalaide.ui.internal.reconciliation.ScalaReconciler] - CallByNameParamAtCreationPresenter - Timeout while waiting for `askLoadedTyped` during semantic highlighting.
2017-08-27 10:04:03,234  WARN [org.scalaide.ui.internal.reconciliation.ScalaReconciler] - CustomSemanticAction - Timeout while waiting for `askLoadedTyped` during semantic highlighting.
2017-08-27 10:04:03,496  WARN [org.scalaide.ui.internal.reconciliation.ScalaReconciler] - CallByNameParamAtCreationPresenter - Timeout while waiting for `askLoadedTyped` during semantic highlighting.
2017-08-27 12:06:19,620  WARN [org.scalaide.ui.internal.reconciliation.ScalaReconciler] - ImplicitHighlightingPresenter - Timeout while waiting for `askLoadedTyped` during semantic highlighting.
2017-08-27 12:06:19,831  WARN [org.scalaide.ui.internal.reconciliation.ScalaReconciler] - CustomSemanticAction - Timeout while waiting for `askLoadedTyped` during semantic highlighting.
2017-08-27 12:06:24,504  WARN [org.scalaide.ui.internal.reconciliation.ScalaReconciler] - CallByNameParamAtCreationPresenter - Timeout while waiting for `askLoadedTyped` during semantic highlighting.
2017-08-27 12:06:26,791  WARN [org.scalaide.ui.internal.reconciliation.ScalaReconciler] - ImplicitHighlightingPresenter - Timeout while waiting for `askLoadedTyped` during semantic highlighting.
2017-08-27 12:06:30,835  WARN [org.scalaide.ui.internal.reconciliation.ScalaReconciler] - ImplicitHighlightingPresenter - Timeout while waiting for `askLoadedTyped` during semantic highlighting.
2017-08-27 12:06:31,531  WARN [org.scalaide.ui.internal.reconciliation.ScalaReconciler] - CallByNameParamAtCreationPresenter - Timeout while waiting for `askLoadedTyped` during semantic highlighting.
2017-08-27 12:06:50,245  WARN [org.scalaide.ui.internal.reconciliation.ScalaReconciler] - CallByNameParamAtCreationPresenter - Timeout while waiting for `askLoadedTyped` during semantic highlighting.
2017-08-27 12:06:56,270  WARN [org.scalaide.ui.internal.reconciliation.ScalaReconciler] - CallByNameParamAtCreationPresenter - Timeout while waiting for `askLoadedTyped` during semantic highlighting.
2017-08-27 12:08:22,163  WARN [org.scalaide.ui.internal.reconciliation.ScalaReconciler] - ImplicitHighlightingPresenter - Timeout while waiting for `askLoadedTyped` during semantic highlighting.
2017-08-27 12:08:22,387  WARN [org.scalaide.ui.internal.reconciliation.ScalaReconciler] - CustomSemanticAction - Timeout while waiting for `askLoadedTyped` during semantic highlighting.
2017-08-27 12:08:22,617  WARN [org.scalaide.ui.internal.reconciliation.ScalaReconciler] - CallByNameParamAtCreationPresenter - Timeout while waiting for `askLoadedTyped` during semantic highlighting.
2017-08-27 12:16:31,495  WARN [org.scalaide.ui.internal.reconciliation.ScalaReconciler] - TraverserImpl$ - Skipping annotation, position length = 0, position offset = 356
2017-08-27 12:16:31,497  WARN [org.scalaide.ui.internal.reconciliation.ScalaReconciler] - TraverserImpl$ - Skipping annotation, position length = 0, position offset = 356
2017-08-27 12:16:32,034  WARN [org.scalaide.ui.internal.reconciliation.ScalaReconciler] - TraverserImpl$ - Skipping annotation, position length = 0, position offset = 356
2017-08-27 12:16:32,034  WARN [org.scalaide.ui.internal.reconciliation.ScalaReconciler] - TraverserImpl$ - Skipping annotation, position length = 0, position offset = 356
2017-08-27 12:16:32,576  WARN [org.scalaide.ui.internal.reconciliation.ScalaReconciler] - TraverserImpl$ - Skipping annotation, position length = 0, position offset = 356
2017-08-27 12:16:32,576  WARN [org.scalaide.ui.internal.reconciliation.ScalaReconciler] - TraverserImpl$ - Skipping annotation, position length = 0, position offset = 356
2017-08-27 12:16:33,642  WARN [org.scalaide.ui.internal.reconciliation.ScalaReconciler] - TraverserImpl$ - Skipping annotation, position length = 0, position offset = 356
2017-08-27 12:16:33,642  WARN [org.scalaide.ui.internal.reconciliation.ScalaReconciler] - TraverserImpl$ - Skipping annotation, position length = 0, position offset = 356
2017-08-27 12:16:34,168  WARN [org.scalaide.ui.internal.reconciliation.ScalaReconciler] - TraverserImpl$ - Skipping annotation, position length = 0, position offset = 356
2017-08-27 12:16:34,169  WARN [org.scalaide.ui.internal.reconciliation.ScalaReconciler] - TraverserImpl$ - Skipping annotation, position length = 0, position offset = 356
2017-08-27 12:16:34,703  WARN [org.scalaide.ui.internal.reconciliation.ScalaReconciler] - TraverserImpl$ - Skipping annotation, position length = 0, position offset = 356
2017-08-27 12:16:34,703  WARN [org.scalaide.ui.internal.reconciliation.ScalaReconciler] - TraverserImpl$ - Skipping annotation, position length = 0, position offset = 356
2017-08-27 12:16:35,769  WARN [org.scalaide.ui.internal.reconciliation.ScalaReconciler] - TraverserImpl$ - Skipping annotation, position length = 0, position offset = 356
2017-08-27 12:16:35,769  WARN [org.scalaide.ui.internal.reconciliation.ScalaReconciler] - TraverserImpl$ - Skipping annotation, position length = 0, position offset = 356
2017-08-27 12:16:36,301  WARN [org.scalaide.ui.internal.reconciliation.ScalaReconciler] - TraverserImpl$ - Skipping annotation, position length = 0, position offset = 356
2017-08-27 12:16:36,301  WARN [org.scalaide.ui.internal.reconciliation.ScalaReconciler] - TraverserImpl$ - Skipping annotation, position length = 0, position offset = 356
2017-08-27 12:16:37,959  WARN [org.scalaide.ui.internal.reconciliation.ScalaReconciler] - TraverserImpl$ - Skipping annotation, position length = 0, position offset = 356
2017-08-27 12:16:39,167  WARN [org.scalaide.ui.internal.reconciliation.ScalaReconciler] - TraverserImpl$ - Skipping annotation, position length = 0, position offset = 356
2017-08-27 12:16:39,727  WARN [org.scalaide.ui.internal.reconciliation.ScalaReconciler] - TraverserImpl$ - Skipping annotation, position length = 0, position offset = 356
2017-08-27 12:16:40,239  WARN [org.scalaide.ui.internal.reconciliation.ScalaReconciler] - TraverserImpl$ - Skipping annotation, position length = 0, position offset = 356
2017-08-27 12:16:41,267  WARN [org.scalaide.ui.internal.reconciliation.ScalaReconciler] - TraverserImpl$ - Skipping annotation, position length = 0, position offset = 356
2017-08-27 12:16:41,800  WARN [org.scalaide.ui.internal.reconciliation.ScalaReconciler] - TraverserImpl$ - Skipping annotation, position length = 0, position offset = 356
2017-08-27 12:16:42,325  WARN [org.scalaide.ui.internal.reconciliation.ScalaReconciler] - TraverserImpl$ - Skipping annotation, position length = 0, position offset = 356
2017-08-27 12:18:02,432  WARN [org.scalaide.ui.internal.reconciliation.ScalaReconciler] - TraverserImpl$ - Skipping annotation, position length = 0, position offset = 356
2017-08-27 12:18:02,942  WARN [org.scalaide.ui.internal.reconciliation.ScalaReconciler] - TraverserImpl$ - Skipping annotation, position length = 0, position offset = 356
2017-08-27 12:42:46,099 ERROR [Text Viewer Hover Presenter] - IScalaPresentationCompiler$ - Ignoring InterruptException
2017-08-27 12:42:46,100 ERROR [Text Viewer Hover Presenter] - IScalaPresentationCompiler$ - Ignoring InterruptException
2017-08-27 12:42:46,100 ERROR [Text Viewer Hover Presenter] - IScalaPresentationCompiler$ - Ignoring InterruptException
2017-08-27 12:45:40,702 ERROR [Text Viewer Hover Presenter] - IScalaPresentationCompiler$ - Ignoring InterruptException
2017-08-27 12:45:40,703 ERROR [Text Viewer Hover Presenter] - IScalaPresentationCompiler$ - Ignoring InterruptException
2017-08-27 12:45:40,704 ERROR [Text Viewer Hover Presenter] - IScalaPresentationCompiler$ - Ignoring InterruptException
2017-08-27 12:48:34,292  WARN [org.scalaide.ui.internal.reconciliation.ScalaReconciler] - CallByNameParamAtCreationPresenter - Timeout while waiting for `askLoadedTyped` during semantic highlighting.
2017-08-27 17:27:59,916  WARN [org.scalaide.ui.internal.reconciliation.ScalaReconciler] - CallByNameParamAtCreationPresenter - Timeout while waiting for `askLoadedTyped` during semantic highlighting.
2017-08-27 17:30:06,171  WARN [org.scalaide.ui.internal.reconciliation.ScalaReconciler] - ImplicitHighlightingPresenter - Timeout while waiting for `askLoadedTyped` during semantic highlighting.
2017-08-27 18:05:48,555 ERROR [Text Viewer Hover Presenter] - IScalaPresentationCompiler$ - Ignoring InterruptException
2017-08-27 18:05:48,556 ERROR [Text Viewer Hover Presenter] - IScalaPresentationCompiler$ - Ignoring InterruptException
2017-08-27 18:05:48,556 ERROR [Text Viewer Hover Presenter] - IScalaPresentationCompiler$ - Ignoring InterruptException
2017-08-27 18:05:48,556 ERROR [Text Viewer Hover Presenter] - IScalaPresentationCompiler$ - Ignoring InterruptException
2017-08-27 18:05:48,556 ERROR [Text Viewer Hover Presenter] - IScalaPresentationCompiler$ - Ignoring InterruptException
2017-08-27 18:05:48,556 ERROR [Text Viewer Hover Presenter] - IScalaPresentationCompiler$ - Ignoring InterruptException
2017-08-27 18:05:48,556 ERROR [Text Viewer Hover Presenter] - IScalaPresentationCompiler$ - Ignoring InterruptException
2017-08-27 18:05:48,556 ERROR [Text Viewer Hover Presenter] - IScalaPresentationCompiler$ - Ignoring InterruptException
2017-08-27 18:05:48,556 ERROR [Text Viewer Hover Presenter] - IScalaPresentationCompiler$ - Ignoring InterruptException
2017-08-27 18:05:48,557 ERROR [Text Viewer Hover Presenter] - IScalaPresentationCompiler$ - Ignoring InterruptException
2017-08-27 18:05:48,557 ERROR [Text Viewer Hover Presenter] - IScalaPresentationCompiler$ - Ignoring InterruptException
2017-08-27 18:05:48,557 ERROR [Text Viewer Hover Presenter] - IScalaPresentationCompiler$ - Ignoring InterruptException
2017-08-27 18:05:48,557 ERROR [Text Viewer Hover Presenter] - IScalaPresentationCompiler$ - Ignoring InterruptException
2017-08-27 18:05:48,557 ERROR [Text Viewer Hover Presenter] - IScalaPresentationCompiler$ - Ignoring InterruptException
2017-08-27 18:05:48,557 ERROR [Text Viewer Hover Presenter] - IScalaPresentationCompiler$ - Ignoring InterruptException
2017-08-27 18:05:48,557 ERROR [Text Viewer Hover Presenter] - IScalaPresentationCompiler$ - Ignoring InterruptException
2017-08-27 18:05:48,557 ERROR [Text Viewer Hover Presenter] - IScalaPresentationCompiler$ - Ignoring InterruptException
2017-08-27 18:05:48,557 ERROR [Text Viewer Hover Presenter] - IScalaPresentationCompiler$ - Ignoring InterruptException
2017-08-27 18:05:48,557 ERROR [Text Viewer Hover Presenter] - IScalaPresentationCompiler$ - Ignoring InterruptException
2017-08-27 18:05:48,557 ERROR [Text Viewer Hover Presenter] - IScalaPresentationCompiler$ - Ignoring InterruptException
2017-08-27 18:05:48,558 ERROR [Text Viewer Hover Presenter] - IScalaPresentationCompiler$ - Ignoring InterruptException
2017-08-27 18:05:48,558 ERROR [Text Viewer Hover Presenter] - IScalaPresentationCompiler$ - Ignoring InterruptException
2017-08-27 18:05:48,558 ERROR [Text Viewer Hover Presenter] - IScalaPresentationCompiler$ - Ignoring InterruptException
2017-08-27 18:05:48,558 ERROR [Text Viewer Hover Presenter] - IScalaPresentationCompiler$ - Ignoring InterruptException
2017-08-27 18:05:48,558 ERROR [Text Viewer Hover Presenter] - IScalaPresentationCompiler$ - Ignoring InterruptException
2017-08-27 18:05:48,558 ERROR [Text Viewer Hover Presenter] - IScalaPresentationCompiler$ - Ignoring InterruptException
2017-08-27 18:05:48,558 ERROR [Text Viewer Hover Presenter] - IScalaPresentationCompiler$ - Ignoring InterruptException
2017-08-27 18:05:48,558 ERROR [Text Viewer Hover Presenter] - IScalaPresentationCompiler$ - Ignoring InterruptException
2017-08-27 18:05:48,558 ERROR [Text Viewer Hover Presenter] - IScalaPresentationCompiler$ - Ignoring InterruptException
2017-08-27 18:05:48,558 ERROR [Text Viewer Hover Presenter] - IScalaPresentationCompiler$ - Ignoring InterruptException
2017-08-27 18:05:48,560 ERROR [Text Viewer Hover Presenter] - IScalaPresentationCompiler$ - Ignoring InterruptException
2017-08-27 18:05:48,560 ERROR [Text Viewer Hover Presenter] - IScalaPresentationCompiler$ - Ignoring InterruptException
2017-08-27 18:05:48,561 ERROR [Text Viewer Hover Presenter] - IScalaPresentationCompiler$ - Ignoring InterruptException
2017-08-27 18:05:48,561 ERROR [Text Viewer Hover Presenter] - IScalaPresentationCompiler$ - Ignoring InterruptException
2017-08-27 18:05:48,561 ERROR [Text Viewer Hover Presenter] - IScalaPresentationCompiler$ - Ignoring InterruptException
2017-08-27 18:05:48,562 ERROR [Text Viewer Hover Presenter] - IScalaPresentationCompiler$ - Ignoring InterruptException
2017-08-27 18:05:48,562 ERROR [Text Viewer Hover Presenter] - IScalaPresentationCompiler$ - Ignoring InterruptException
2017-08-27 18:05:48,562 ERROR [Text Viewer Hover Presenter] - IScalaPresentationCompiler$ - Ignoring InterruptException
2017-08-27 18:05:48,562 ERROR [Text Viewer Hover Presenter] - IScalaPresentationCompiler$ - Ignoring InterruptException
2017-08-27 18:05:48,562 ERROR [Text Viewer Hover Presenter] - IScalaPresentationCompiler$ - Ignoring InterruptException
2017-08-27 18:05:48,562 ERROR [Text Viewer Hover Presenter] - IScalaPresentationCompiler$ - Ignoring InterruptException
2017-08-27 18:05:48,562 ERROR [Text Viewer Hover Presenter] - IScalaPresentationCompiler$ - Ignoring InterruptException
2017-08-27 18:05:48,562 ERROR [Text Viewer Hover Presenter] - IScalaPresentationCompiler$ - Ignoring InterruptException
2017-08-27 18:05:48,562 ERROR [Text Viewer Hover Presenter] - IScalaPresentationCompiler$ - Ignoring InterruptException
2017-08-27 18:05:48,563 ERROR [Text Viewer Hover Presenter] - IScalaPresentationCompiler$ - Ignoring InterruptException
2017-08-27 18:05:48,563 ERROR [Text Viewer Hover Presenter] - IScalaPresentationCompiler$ - Ignoring InterruptException
2017-08-27 18:05:48,563 ERROR [Text Viewer Hover Presenter] - IScalaPresentationCompiler$ - Ignoring InterruptException
2017-08-27 18:05:48,563 ERROR [Text Viewer Hover Presenter] - IScalaPresentationCompiler$ - Ignoring InterruptException
2017-08-27 18:05:48,563 ERROR [Text Viewer Hover Presenter] - IScalaPresentationCompiler$ - Ignoring InterruptException
2017-08-27 18:05:48,563 ERROR [Text Viewer Hover Presenter] - IScalaPresentationCompiler$ - Ignoring InterruptException
2017-08-27 18:05:48,563 ERROR [Text Viewer Hover Presenter] - IScalaPresentationCompiler$ - Ignoring InterruptException
2017-08-27 18:05:48,563 ERROR [Text Viewer Hover Presenter] - IScalaPresentationCompiler$ - Ignoring InterruptException
2017-08-27 18:05:48,563 ERROR [Text Viewer Hover Presenter] - IScalaPresentationCompiler$ - Ignoring InterruptException
2017-08-27 18:05:48,564 ERROR [Text Viewer Hover Presenter] - IScalaPresentationCompiler$ - Ignoring InterruptException
2017-08-27 18:05:48,564 ERROR [Text Viewer Hover Presenter] - IScalaPresentationCompiler$ - Ignoring InterruptException
2017-08-27 18:05:48,564 ERROR [Text Viewer Hover Presenter] - IScalaPresentationCompiler$ - Ignoring InterruptException
2017-08-27 18:05:48,564 ERROR [Text Viewer Hover Presenter] - IScalaPresentationCompiler$ - Ignoring InterruptException
2017-08-27 18:05:48,564 ERROR [Text Viewer Hover Presenter] - IScalaPresentationCompiler$ - Ignoring InterruptException
2017-08-27 18:05:48,564 ERROR [Text Viewer Hover Presenter] - IScalaPresentationCompiler$ - Ignoring InterruptException
2017-08-27 18:05:48,564 ERROR [Text Viewer Hover Presenter] - IScalaPresentationCompiler$ - Ignoring InterruptException
2017-08-27 18:05:48,564 ERROR [Text Viewer Hover Presenter] - IScalaPresentationCompiler$ - Ignoring InterruptException
2017-08-27 18:05:48,564 ERROR [Text Viewer Hover Presenter] - IScalaPresentationCompiler$ - Ignoring InterruptException
2017-08-27 18:05:48,564 ERROR [Text Viewer Hover Presenter] - IScalaPresentationCompiler$ - Ignoring InterruptException
2017-08-27 18:05:48,565 ERROR [Text Viewer Hover Presenter] - IScalaPresentationCompiler$ - Ignoring InterruptException
2017-08-27 18:05:48,565 ERROR [Text Viewer Hover Presenter] - IScalaPresentationCompiler$ - Ignoring InterruptException
2017-08-27 18:05:48,565 ERROR [Text Viewer Hover Presenter] - IScalaPresentationCompiler$ - Ignoring InterruptException
2017-08-27 18:05:48,565 ERROR [Text Viewer Hover Presenter] - IScalaPresentationCompiler$ - Ignoring InterruptException
2017-08-27 18:05:48,565 ERROR [Text Viewer Hover Presenter] - IScalaPresentationCompiler$ - Ignoring InterruptException
2017-08-27 18:05:48,565 ERROR [Text Viewer Hover Presenter] - IScalaPresentationCompiler$ - Ignoring InterruptException
2017-08-27 18:05:48,565 ERROR [Text Viewer Hover Presenter] - IScalaPresentationCompiler$ - Ignoring InterruptException
2017-08-27 18:05:48,565 ERROR [Text Viewer Hover Presenter] - IScalaPresentationCompiler$ - Ignoring InterruptException
2017-08-27 18:05:48,565 ERROR [Text Viewer Hover Presenter] - IScalaPresentationCompiler$ - Ignoring InterruptException
2017-08-27 18:05:48,565 ERROR [Text Viewer Hover Presenter] - IScalaPresentationCompiler$ - Ignoring InterruptException
2017-08-27 18:05:48,566 ERROR [Text Viewer Hover Presenter] - IScalaPresentationCompiler$ - Ignoring InterruptException
2017-08-27 18:05:48,566 ERROR [Text Viewer Hover Presenter] - IScalaPresentationCompiler$ - Ignoring InterruptException
2017-08-27 18:05:48,566 ERROR [Text Viewer Hover Presenter] - IScalaPresentationCompiler$ - Ignoring InterruptException
2017-08-27 18:05:48,566 ERROR [Text Viewer Hover Presenter] - IScalaPresentationCompiler$ - Ignoring InterruptException
2017-08-27 18:23:06,654  WARN [org.scalaide.ui.internal.reconciliation.ScalaReconciler] - ImplicitHighlightingPresenter - Timeout while waiting for `askLoadedTyped` during semantic highlighting.
2017-08-27 18:23:09,110 ERROR [Text Viewer Hover Presenter] - IScalaPresentationCompiler$ - Ignoring InterruptException
2017-08-27 18:23:09,111 ERROR [Text Viewer Hover Presenter] - IScalaPresentationCompiler$ - Ignoring InterruptException
2017-08-27 18:23:09,111 ERROR [Text Viewer Hover Presenter] - IScalaPresentationCompiler$ - Ignoring InterruptException
2017-08-27 18:23:24,776  WARN [org.scalaide.ui.internal.reconciliation.ScalaReconciler] - CallByNameParamAtCreationPresenter - Timeout while waiting for `askLoadedTyped` during semantic highlighting.
2017-08-27 19:07:51,440  WARN [org.scalaide.ui.internal.reconciliation.ScalaReconciler] - CustomSemanticAction - Timeout while waiting for `askLoadedTyped` during semantic highlighting.
2017-08-27 19:32:10,327  WARN [org.scalaide.ui.internal.reconciliation.ScalaReconciler] - CallByNameParamAtCreationPresenter - Timeout while waiting for `askLoadedTyped` during semantic highlighting.
2017-08-27 19:33:55,237  WARN [org.scalaide.ui.internal.reconciliation.ScalaReconciler] - CustomSemanticAction - Timeout while waiting for `askLoadedTyped` during semantic highlighting.
2017-08-27 19:33:55,437  WARN [org.scalaide.ui.internal.reconciliation.ScalaReconciler] - CallByNameParamAtCreationPresenter - Timeout while waiting for `askLoadedTyped` during semantic highlighting.
2017-08-27 19:37:38,823  WARN [org.scalaide.ui.internal.reconciliation.ScalaReconciler] - CallByNameParamAtCreationPresenter - Timeout while waiting for `askLoadedTyped` during semantic highlighting.
2017-08-27 19:37:39,839  WARN [org.scalaide.ui.internal.reconciliation.ScalaReconciler] - CallByNameParamAtCreationPresenter - Timeout while waiting for `askLoadedTyped` during semantic highlighting.
2017-08-27 19:37:41,288  WARN [org.scalaide.ui.internal.reconciliation.ScalaReconciler] - CallByNameParamAtCreationPresenter - Timeout while waiting for `askLoadedTyped` during semantic highlighting.
2017-08-27 19:37:44,400  WARN [org.scalaide.ui.internal.reconciliation.ScalaReconciler] - CallByNameParamAtCreationPresenter - Timeout while waiting for `askLoadedTyped` during semantic highlighting.
2017-08-27 19:45:12,905  WARN [org.scalaide.ui.internal.reconciliation.ScalaReconciler] - CallByNameParamAtCreationPresenter - Timeout while waiting for `askLoadedTyped` during semantic highlighting.
2017-08-27 20:22:48,143 ERROR [Text Viewer Hover Presenter] - IScalaPresentationCompiler$ - Ignoring InterruptException
2017-08-27 20:22:48,144 ERROR [Text Viewer Hover Presenter] - IScalaPresentationCompiler$ - Ignoring InterruptException
2017-08-27 20:22:48,145 ERROR [Text Viewer Hover Presenter] - IScalaPresentationCompiler$ - Ignoring InterruptException
2017-08-27 23:11:05,505 ERROR [main] - org.scala-ide.sdt.core - org.scala-ide.sdt.core - org.scala-ide.sdt.core - 0 - Unexptected error - most likely due to an illegal position
java.lang.StringIndexOutOfBoundsException: String index out of range: -1
	at java.lang.String.substring(Unknown Source)
	at scala.tools.refactoring.common.EnrichedTrees$TreeMethodsForPositions.nameString(EnrichedTrees.scala:355)
	at scala.tools.refactoring.common.EnrichedTrees$TreeMethodsForPositions.namePosition(EnrichedTrees.scala:255)
	at org.scalaide.core.internal.decorators.semantichighlighting.classifier.SafeSymbol.$anonfun$safeSymbol$15(SafeSymbol.scala:138)
	at scala.tools.nsc.util.InterruptReq.execute(InterruptReq.scala:26)
	at scala.tools.nsc.interactive.Global.$anonfun$pollForWork$1(Global.scala:444)
	at scala.tools.nsc.interactive.Global.pollForWork(Global.scala:418)
	at scala.tools.nsc.interactive.Global.checkForMoreWork(Global.scala:507)
	at scala.tools.nsc.interactive.Global.signalDone(Global.scala:348)
	at scala.tools.nsc.typechecker.Typers$Typer.runTyper$1(Typers.scala:5585)
	at scala.tools.nsc.typechecker.Typers$Typer.typedInternal(Typers.scala:5593)
	at scala.tools.nsc.typechecker.Typers$Typer.body$2(Typers.scala:5537)
	at scala.tools.nsc.typechecker.Typers$Typer.typed(Typers.scala:5541)
	at scala.tools.nsc.typechecker.Typers$Typer.typedQualifier(Typers.scala:5644)
	at scala.tools.nsc.typechecker.Typers$Typer.typedQualifier(Typers.scala:5652)
	at scala.tools.nsc.typechecker.Typers$Typer.typedPackageDef$1(Typers.scala:5173)
	at scala.tools.nsc.typechecker.Typers$Typer.typedMemberDef$1(Typers.scala:5479)
	at scala.tools.nsc.typechecker.Typers$Typer.typed1(Typers.scala:5526)
	at scala.tools.nsc.typechecker.Typers$Typer.runTyper$1(Typers.scala:5563)
	at scala.tools.nsc.typechecker.Typers$Typer.typedInternal(Typers.scala:5593)
	at scala.tools.nsc.typechecker.Typers$Typer.body$2(Typers.scala:5537)
	at scala.tools.nsc.typechecker.Typers$Typer.typed(Typers.scala:5541)
	at scala.tools.nsc.typechecker.Typers$Typer.typed(Typers.scala:5620)
	at scala.tools.nsc.typechecker.Analyzer$typerFactory$$anon$3.apply(Analyzer.scala:102)
	at scala.tools.nsc.Global$GlobalPhase.$anonfun$applyPhase$1(Global.scala:423)
	at scala.tools.nsc.Global$GlobalPhase.applyPhase(Global.scala:416)
	at scala.tools.nsc.interactive.Global$TyperRun.$anonfun$applyPhase$1(Global.scala:1326)
	at scala.tools.nsc.interactive.Global$TyperRun.applyPhase(Global.scala:1326)
	at scala.tools.nsc.interactive.Global$TyperRun.typeCheck(Global.scala:1319)
	at scala.tools.nsc.interactive.Global.typeCheck(Global.scala:657)
	at scala.tools.nsc.interactive.Global.$anonfun$backgroundCompile$7(Global.scala:572)
	at scala.tools.nsc.interactive.Global.$anonfun$backgroundCompile$6(Global.scala:568)
	at scala.tools.nsc.interactive.Global.$anonfun$backgroundCompile$6$adapted(Global.scala:568)
	at scala.collection.TraversableLike$WithFilter.$anonfun$foreach$1(TraversableLike.scala:789)
	at scala.collection.immutable.List.foreach(List.scala:389)
	at scala.collection.TraversableLike$WithFilter.foreach(TraversableLike.scala:788)
	at scala.tools.nsc.interactive.Global.backgroundCompile(Global.scala:568)
	at scala.tools.nsc.interactive.PresentationCompilerThread.run(PresentationCompilerThread.scala:25)
2017-08-27 23:35:28,555 ERROR [Text Viewer Hover Presenter] - IScalaPresentationCompiler$ - Ignoring InterruptException
2017-08-27 23:35:28,565 ERROR [Text Viewer Hover Presenter] - IScalaPresentationCompiler$ - Ignoring InterruptException
2017-08-27 23:35:28,565 ERROR [Text Viewer Hover Presenter] - IScalaPresentationCompiler$ - Ignoring InterruptException
2017-08-27 23:35:28,565 ERROR [Text Viewer Hover Presenter] - IScalaPresentationCompiler$ - Ignoring InterruptException
2017-08-27 23:38:25,135 ERROR [Text Viewer Hover Presenter] - IScalaPresentationCompiler$ - Ignoring InterruptException
2017-08-27 23:38:25,135 ERROR [Text Viewer Hover Presenter] - IScalaPresentationCompiler$ - Ignoring InterruptException
2017-08-27 23:38:25,135 ERROR [Text Viewer Hover Presenter] - IScalaPresentationCompiler$ - Ignoring InterruptException
2017-08-28 00:10:09,623 ERROR [Text Viewer Hover Presenter] - IScalaPresentationCompiler$ - Ignoring InterruptException
2017-08-28 00:10:09,624 ERROR [Text Viewer Hover Presenter] - IScalaPresentationCompiler$ - Ignoring InterruptException
2017-08-28 00:36:22,803  WARN [org.scalaide.ui.internal.reconciliation.ScalaReconciler] - ImplicitHighlightingPresenter - Timeout while waiting for `askLoadedTyped` during semantic highlighting.
2017-08-28 00:38:24,693 ERROR [Text Viewer Hover Presenter] - IScalaPresentationCompiler$ - Ignoring InterruptException
2017-08-28 00:38:24,693 ERROR [Text Viewer Hover Presenter] - IScalaPresentationCompiler$ - Ignoring InterruptException
2017-08-28 00:38:24,693 ERROR [Text Viewer Hover Presenter] - IScalaPresentationCompiler$ - Ignoring InterruptException
2017-08-28 00:38:28,041 ERROR [Text Viewer Hover Presenter] - IScalaPresentationCompiler$ - Ignoring InterruptException
2017-08-28 00:38:28,041 ERROR [Text Viewer Hover Presenter] - IScalaPresentationCompiler$ - Ignoring InterruptException
2017-08-28 00:38:28,041 ERROR [Text Viewer Hover Presenter] - IScalaPresentationCompiler$ - Ignoring InterruptException
2017-08-28 00:38:30,263 ERROR [Text Viewer Hover Presenter] - IScalaPresentationCompiler$ - Ignoring InterruptException
2017-08-28 00:38:30,263 ERROR [Text Viewer Hover Presenter] - IScalaPresentationCompiler$ - Ignoring InterruptException
2017-08-28 00:47:47,888 ERROR [Text Viewer Hover Presenter] - IScalaPresentationCompiler$ - Ignoring InterruptException
2017-08-28 00:47:47,889 ERROR [Text Viewer Hover Presenter] - IScalaPresentationCompiler$ - Ignoring InterruptException
2017-08-28 00:47:47,889 ERROR [Text Viewer Hover Presenter] - IScalaPresentationCompiler$ - Ignoring InterruptException
2017-08-28 00:47:47,890 ERROR [Text Viewer Hover Presenter] - IScalaPresentationCompiler$ - Ignoring InterruptException
2017-08-28 00:47:47,890 ERROR [Text Viewer Hover Presenter] - IScalaPresentationCompiler$ - Ignoring InterruptException
2017-08-28 00:47:47,890 ERROR [Text Viewer Hover Presenter] - IScalaPresentationCompiler$ - Ignoring InterruptException
2017-08-28 00:47:47,891 ERROR [Text Viewer Hover Presenter] - IScalaPresentationCompiler$ - Ignoring InterruptException
2017-08-28 00:47:47,891 ERROR [Text Viewer Hover Presenter] - IScalaPresentationCompiler$ - Ignoring InterruptException
2017-08-28 00:47:47,891 ERROR [Text Viewer Hover Presenter] - IScalaPresentationCompiler$ - Ignoring InterruptException
2017-08-28 00:47:47,892 ERROR [Text Viewer Hover Presenter] - IScalaPresentationCompiler$ - Ignoring InterruptException
2017-08-28 00:47:47,892 ERROR [Text Viewer Hover Presenter] - IScalaPresentationCompiler$ - Ignoring InterruptException
2017-08-28 00:47:47,893 ERROR [Text Viewer Hover Presenter] - IScalaPresentationCompiler$ - Ignoring InterruptException
2017-08-28 00:47:47,894 ERROR [Text Viewer Hover Presenter] - IScalaPresentationCompiler$ - Ignoring InterruptException
2017-08-28 00:51:14,264 ERROR [Text Viewer Hover Presenter] - IScalaPresentationCompiler$ - Ignoring InterruptException
2017-08-28 00:51:14,264 ERROR [Text Viewer Hover Presenter] - IScalaPresentationCompiler$ - Ignoring InterruptException
2017-08-28 00:51:14,264 ERROR [Text Viewer Hover Presenter] - IScalaPresentationCompiler$ - Ignoring InterruptException
2017-08-28 01:07:43,954 ERROR [Text Viewer Hover Presenter] - IScalaPresentationCompiler$ - Ignoring InterruptException
2017-08-28 01:07:43,968 ERROR [Text Viewer Hover Presenter] - IScalaPresentationCompiler$ - Ignoring InterruptException
2017-08-28 01:07:43,968 ERROR [Text Viewer Hover Presenter] - IScalaPresentationCompiler$ - Ignoring InterruptException
2017-08-28 01:07:43,969 ERROR [Text Viewer Hover Presenter] - IScalaPresentationCompiler$ - Ignoring InterruptException
2017-08-28 02:03:31,918 ERROR [Text Viewer Hover Presenter] - IScalaPresentationCompiler$ - Ignoring InterruptException
2017-08-28 02:03:31,924 ERROR [Text Viewer Hover Presenter] - IScalaPresentationCompiler$ - Ignoring InterruptException
2017-08-28 02:03:31,924 ERROR [Text Viewer Hover Presenter] - IScalaPresentationCompiler$ - Ignoring InterruptException
2017-08-28 02:03:31,925 ERROR [Text Viewer Hover Presenter] - IScalaPresentationCompiler$ - Ignoring InterruptException
2017-08-28 02:07:38,538  WARN [org.scalaide.ui.internal.reconciliation.ScalaReconciler] - ImplicitHighlightingPresenter - Timeout while waiting for `askLoadedTyped` during semantic highlighting.
2017-09-03 04:24:00,279  WARN [org.scalaide.ui.internal.reconciliation.ScalaReconciler] - ImplicitHighlightingPresenter - Timeout while waiting for `askLoadedTyped` during semantic highlighting.
2017-09-03 04:24:00,747  WARN [org.scalaide.ui.internal.reconciliation.ScalaReconciler] - CustomSemanticAction - Timeout while waiting for `askLoadedTyped` during semantic highlighting.
2017-09-03 04:24:01,204  WARN [org.scalaide.ui.internal.reconciliation.ScalaReconciler] - CallByNameParamAtCreationPresenter - Timeout while waiting for `askLoadedTyped` during semantic highlighting.
2017-09-03 04:24:18,042  WARN [org.scalaide.ui.internal.reconciliation.ScalaReconciler] - CallByNameParamAtCreationPresenter - Timeout while waiting for `askLoadedTyped` during semantic highlighting.
2017-09-03 04:39:02,794  WARN [org.scalaide.ui.internal.reconciliation.ScalaReconciler] - ImplicitHighlightingPresenter - Timeout while waiting for `askLoadedTyped` during semantic highlighting.
2017-09-03 04:40:16,301 ERROR [Text Viewer Hover Presenter] - IScalaPresentationCompiler$ - Ignoring InterruptException
2017-09-03 04:40:16,301 ERROR [Text Viewer Hover Presenter] - IScalaPresentationCompiler$ - Ignoring InterruptException
2017-09-03 04:47:37,064  WARN [org.scalaide.ui.internal.reconciliation.ScalaReconciler] - TraverserImpl$ - Skipping annotation, position length = 0, position offset = 1445
2017-09-03 04:47:37,068  WARN [org.scalaide.ui.internal.reconciliation.ScalaReconciler] - TraverserImpl$ - Skipping annotation, position length = 0, position offset = 1493
2017-09-03 04:48:23,698  WARN [org.scalaide.ui.internal.reconciliation.ScalaReconciler] - CallByNameParamAtCreationPresenter - Timeout while waiting for `askLoadedTyped` during semantic highlighting.
2017-09-03 04:48:26,619  WARN [org.scalaide.ui.internal.reconciliation.ScalaReconciler] - CallByNameParamAtCreationPresenter - Timeout while waiting for `askLoadedTyped` during semantic highlighting.
2017-09-03 04:48:41,670  WARN [org.scalaide.ui.internal.reconciliation.ScalaReconciler] - CallByNameParamAtCreationPresenter - Timeout while waiting for `askLoadedTyped` during semantic highlighting.
2017-09-03 05:11:10,423  WARN [org.scalaide.ui.internal.reconciliation.ScalaReconciler] - CallByNameParamAtCreationPresenter - Timeout while waiting for `askLoadedTyped` during semantic highlighting.
2017-09-03 05:31:02,377  WARN [org.scalaide.ui.internal.reconciliation.ScalaReconciler] - ImplicitHighlightingPresenter - Timeout while waiting for `askLoadedTyped` during semantic highlighting.
2017-09-03 05:31:13,754 ERROR [Text Viewer Hover Presenter] - IScalaPresentationCompiler$ - Ignoring InterruptException
2017-09-03 05:31:13,755 ERROR [Text Viewer Hover Presenter] - IScalaPresentationCompiler$ - Ignoring InterruptException
2017-09-03 05:31:13,755 ERROR [Text Viewer Hover Presenter] - IScalaPresentationCompiler$ - Ignoring InterruptException
2017-09-03 05:34:08,254  WARN [org.scalaide.ui.internal.reconciliation.ScalaReconciler] - ImplicitHighlightingPresenter - Timeout while waiting for `askLoadedTyped` during semantic highlighting.
2017-09-03 05:34:31,057  WARN [org.scalaide.ui.internal.reconciliation.ScalaReconciler] - CallByNameParamAtCreationPresenter - Timeout while waiting for `askLoadedTyped` during semantic highlighting.
2017-09-03 05:44:12,052 ERROR [Text Viewer Hover Presenter] - IScalaPresentationCompiler$ - Ignoring InterruptException
2017-09-03 05:44:12,052 ERROR [Text Viewer Hover Presenter] - IScalaPresentationCompiler$ - Ignoring InterruptException
2017-09-03 05:44:12,052 ERROR [Text Viewer Hover Presenter] - IScalaPresentationCompiler$ - Ignoring InterruptException
2017-09-03 05:44:20,103 ERROR [Text Viewer Hover Presenter] - IScalaPresentationCompiler$ - Ignoring InterruptException
2017-09-03 05:44:20,110 ERROR [Text Viewer Hover Presenter] - IScalaPresentationCompiler$ - Ignoring InterruptException
2017-09-03 05:44:20,110 ERROR [Text Viewer Hover Presenter] - IScalaPresentationCompiler$ - Ignoring InterruptException
2017-09-03 05:44:20,110 ERROR [Text Viewer Hover Presenter] - IScalaPresentationCompiler$ - Ignoring InterruptException
2017-09-03 05:47:37,754 ERROR [Text Viewer Hover Presenter] - IScalaPresentationCompiler$ - Ignoring InterruptException
2017-09-03 05:47:37,768 ERROR [Text Viewer Hover Presenter] - IScalaPresentationCompiler$ - Ignoring InterruptException
2017-09-03 05:47:37,768 ERROR [Text Viewer Hover Presenter] - IScalaPresentationCompiler$ - Ignoring InterruptException
2017-09-03 05:47:37,769 ERROR [Text Viewer Hover Presenter] - IScalaPresentationCompiler$ - Ignoring InterruptException
2017-09-03 06:04:53,395 ERROR [Text Viewer Hover Presenter] - IScalaPresentationCompiler$ - Ignoring InterruptException
2017-09-03 06:04:53,413 ERROR [Text Viewer Hover Presenter] - IScalaPresentationCompiler$ - Ignoring InterruptException
2017-09-03 06:04:53,415 ERROR [Text Viewer Hover Presenter] - IScalaPresentationCompiler$ - Ignoring InterruptException
